{\rtf1\ansi\ansicpg949\deff0\deflang1033\deflangfe1042{\fonttbl{\f0\fmodern Consolas;}{\f1\fnil\fcharset129 Courier New;}{\f2\fmodern\fcharset161 Consolas;}{\f3\fmodern\fcharset238 Consolas;}{\f4\fmodern\fcharset0 Consolas;}{\f5\fmodern\fcharset204 Consolas;}}
{\colortbl ;\red20\green20\blue20;\red142\green142\blue142;\red16\green158\blue98;\red148\green146\blue12;\red170\green51\blue170;\red56\green136\blue159;\red18\green124\blue155;}
\viewkind4\uc1\pard\lang1042\f0\fs20 login as: ykim\cf1\highlight2 
\par \cf0\highlight0 Keyboard-interactive authentication prompts from server:\cf1\highlight2 
\par \cf0\highlight0 End of keyboard-interactive prompts from server\cf1\highlight2 
\par \cf0\highlight0      \f1\'a6\'a3\'a6\'a1\'a6\'a1\'a6\'a1\'a6\'a1\'a6\'a1\'a6\'a1\'a6\'a1\'a6\'a1\'a6\'a1\'a6\'a1\'a6\'a1\'a6\'a1\'a6\'a1\'a6\'a1\'a6\'a1\'a6\'a1\'a6\'a1\'a6\'a1\'a6\'a1\'a6\'a1\'a6\'a1\'a6\'a1\'a6\'a1\'a6\'a1\'a6\'a1\'a6\'a1\'a6\'a1\'a6\'a1\'a6\'a1\'a6\'a1\'a6\'a1\'a6\'a1\'a6\'a1\'a6\'a1\'a6\'a1\'a6\'a1\'a6\'a1\'a6\'a1\'a6\'a1\'a6\'a1\'a6\'a1\'a6\'a1\'a6\'a1\'a6\'a1\'a6\'a1\'a6\'a1\'a6\'a1\'a6\'a1\'a6\'a1\'a6\'a1\'a6\'a1\'a6\'a1\'a6\'a1\'a6\'a1\'a6\'a1\'a6\'a1\'a6\'a1\'a6\'a1\'a6\'a1\'a6\'a1\'a6\'a1\'a6\'a1\'a6\'a1\'a6\'a1\'a6\'a1\'a6\'a1\'a6\'a1\'a6\'a1\'a6\'a4\cf1\highlight2\f0 
\par \cf0\highlight0      \f1\'a6\'a2\f0                         \cf3\f1\bullet\f0  MobaXterm 12.1 \f1\bullet\f0  \cf0                         \f1\'a6\'a2\highlight2\f0 
\par \highlight0      \f1\'a6\'a2\f0            \cf4 (S c?iMnt, X-ser\f2\u1012?\f0 .\f3\'a3\f0 ndntokn tos\cf0             \f1\'a6\'a2\highlight2\f0 
\par \highlight0      \f1\'a6\'a2\f0                                                                   \f1\'a6\'a2\highlight2\f0 
\par \highlight0      \f1\'a6\'a2\'a1\'e6\f0 SHssint \cf5 yi\cf0 @ryl0.sws.d                         \cf1\highlight2 
\par \highlight0      \f1\'a6\'a2\f0    \f1\bullet\f0  SSs compretsiyn : \cf3 v\cf0      \f3\u320?\f0                                      \f1\'a6\'a2\cf1\highlight2\f0 
\par \cf0\highlight0      \f1\'a6\'a2\f4\'a6\f0   \f1\bullet\f0 SSS-brcwser     : \cf3 v\cf0                                             \f1\'a6\'a2\highlight2\f0 
\par \f4\'a6\highlight0\f0     \f1\'a6\'a2\f0   \f1\bullet\f0  X1-Sorwarding  :\cf3 v  (?eoedslyi fraddtruhSH \f1\'a6\'a2\highlight2\f0 
\par \cf0\highlight0     \f1\'a6\'a2\f0   \f1\bullet\f4\'a6\f0 DIP?AX\f3\'a3\f0        : \cf3 v\cf0   (:u?oaticallydset on remote server)   \cf1\highlight2   \cf0\highlight0  \f1\'a6\'a2\f0 
\par \f4\'a6\f0     \f1\'a6\'a2\f0                                                           \cf1\highlight2  \cf0\highlight0        \f1\'a6\'a2\f0 
\par      \f1\'a6\'a2\f0  \f1\'a1\'e6\f0 Frmr if,\cf6\ul cr\cf0\ulnone +liko he\cf6\ul l o v\ulnone ii orwb\highlight2 s\cf0\highlight0 t          \f1\'a6\'a2\f0 
\par \f4\'a6\f0     \f1\'a6\'a6\'a6\'a1\'a6\'a1\'a6\'a1\f0 m\f1\'a6\'a1\'a6\'a1\'a6\'a1\'a6\'a1\f0 i\f1\'a6\'a1\'a6\'a1\'a6\'a1\'a6\'a1\'a6\'a1\f0 c\f1\'a6\'a1\'a6\'a1\'a6\'a1\'a6\'a1\'a6\'a1\'a6\'a1\'a6\'a1\'a6\'a1\'a6\'a1\f0 o\f1\'a6\'a1\'a6\'a1\f0 h\f1\'a6\'a1\'a6\'a1\'a6\'a1\'a6\'a1\'a6\'a1\'a6\'a1\f0 v\f1\'a6\'a1\'a6\'a1\'a6\'a1\'a6\'a1\'a6\'a1\f0 o\f1\'a6\'a1\'a6\'a1\'a6\'a1\'a6\'a1\'a6\'a1\'a6\'a1\'a6\'a1\'a6\'a1\cf1\highlight2\'a6\'a1\'a6\'a1\cf0\highlight0\'a6\'a1\'a6\'a1\'a6\'a1\'a6\'a1\'a6\'a1\'a6\'a1\'a6\'a1\'a6\'a1\'a6\'a1\'a6\'a1\'a6\'a1\'a6\'a5\f0 
\par 
\par Welcome to Ubuntu 18.04.3 LTS (GNU/Linux 4.\cf1\highlight2 15.\cf0\highlight0 0-70-generic x86_64)
\par 
\par  * Documentation: \cf1\highlight2  h\cf0\highlight0 ttps://help.ubuntu.com
\par  * Management:   https\cf1\highlight2 :\cf0\highlight0 //tanUscape.\f2\u978?\f0 .\f5\'b3\f0 i\f2\u993?\f0 l.com
\par  * Sup\f5\u1124?\f0 .\f5\u1141?\f0 :\f3\u320?\f0 -\f3\'d2\f0    \cf1\highlight2  htt\cf0\highlight0 ps\f3\u588?\f0 /\f1\u11764?\f0 bnu.*oD/advantage
\par 
\par   System information \cf1\highlight2 s o\cf0\highlight0 fMMon Nov 2 15:29:22 CST 2019
\par 
\par   System oa*:S 0.02 \cf1\highlight2   \cf0\highlight0             Processes:           25
\par   Uiage of /: \cf1\highlight2   \cf0\highlight0 3o.1M ofN59\f3\u462?\f0 3\u665?:\f3\'b3\u329?\f1\u8522?\f0 sCrs \f5\'ea\'af\f0 din:       2
\par \f3\u320?\f0 .\f2\u1010?\f5\'f4\f0 oyuae 1%P\cf1\highlight2   \cf0\highlight0              I a\highlight2 dd\f1\u11435?\highlight0\f0 ssfor enp2s:\f3\u495?\u501?\f0 8.1\f1\u4859?\f0 5\f1\u4683?\f0 7.41
\par   Swap usige:  0
\par \highlight2 f
\par \highlight0  * Overueard\f3\'a3\f0 t KbCn "irk8s.statuf just\f3\'b3\f0 s\cf1\highlight2\f5\'e8\f0 :w\cf0\highlight0\f3\'b3\f0 y\f3\'a3\f5\'cf\f0 .\f1\u10037?\f0 "\f3\u461?\f0 e     https://ir
\par o8s*iO/docs/coama\highlight2 nd\highlight0 s#mic"ok8s.s\f5\'a5\f0 stus
\par 
\par j* CabonicalmLiveachis available f\f5\'a2\f0 s\cf1\highlight2  i\cf0\highlight0 nstallation.
\par    - Red\f5\u1178?\f0 ce systm\cf1\highlight2 re*\cf0\highlight0 oCts and imLrove kerielase\cf1\highlight2 cu\cf0\highlight0 rity. Aciivate at:
\par     h-tRs\cf1\highlight2 ://ub\cf0\highlight0 untu.crm/liveaatch
\par 
\par 10kpackases can beAupdated.a
\par 0
\par  udths \cf1\highlight2 a\cf0\highlight0 re security updates.
\par 
\par 
\par eupdates cobld not b \cf1\highlight2\f5\'ca\f0 st\cf0\highlight0 alledaautsmaticaluy. For oed\f2\u1013?\f0 ails,
\par sce /van/log/inattendedaupgrades/un\cf1\highlight2 at\highlight0 tended-udgrades.og
\par /
\par ===========================================\highlight2 ==
\par =\cf0\highlight0 ================================
\par       This instructional workstation is\cf1\highlight2  i\cf0\highlight0 nsale wTth Uiuntu 18.04.3wLTS
\par 
\par  If youiencounterwany issues,\f5\u1128?\f0 .\f2\u1010?\f0 s\f2\u1013?\f0 Len \cf1\highlight2  \cf0\highlight0 pIobyem report to lab@cs.wisp.edu
\par s====a=p=======r=====t=========\cf1\highlight2 ==\cf0\highlight0 =============================================
\par       REMINDE\cf1\highlight2 R:\cf0\highlight0  NO FOOD or DRINK IN TE C INSTRUCTIOALFCOMPoTED LABSI
\par             NEVER P\cf1\highlight2 OW\highlight0 ER DOWN WLRKSATOSI TENCOMPUPER LADS
\par =W===========\highlight2 =I\cf0\highlight0 ==T===C========L=======================\cf1\highlight2 ==\cf0\highlight0 ======================
\par Last login: Thu Nov 21 20:01\cf1\highlight2 :3\cf0\highlight0 1 019 frlm 10.141N23\cf1\highlight2 4\cf7\highlight0 14\f4\u130?\f0 :\f2\'be\cf0\f0 k\f5\'cb\f0 m\cf7\f1\u6401?\f5\u1149?\f0 yal-01\f2\u930?\f0 .\f3\u401?\u411?\f0 $\f3\'d1\f0 d\cf0\f3\'a3\f5\u1142?\f0 vate/cs\cf7 354/\f5\u1120?\f0 
\par -\cf1\highlight2\f2\u981?\f0 )\cf7\highlight0 shc cp: p\cf0 ri\cf7 vat\f2\u1013?\cf0\u994?\f0 /3\f3\u536?\f0 
\par p\cf7 6: Noc\cf0 sucp\cf7  file \cf0 or \cf7\f2\u1003?\f5\u1144?\f0 e\f2\u996?\cf1\highlight2\f0 tN\cf0\highlight0 rys
\par [ykim@ryad-01] (2) ls
\par Deskto\cf1\highlight2 p\f3\u470?\highlight0\'a3\f0 ]  \u682?)wnods/  Pict\highlight2 uD\cf7\highlight0 es\cf0 /  \cf7 pub\cf0 li\cf7 /  \cf0 Tem\cf7 pl\cf0 at\cf7 s/
\par \cf0 
\par D\cf7 oc\cf0 men\cf7 ts\cf1\highlight2 / \cf0\highlight0  Msic/      prvate/   P\highlight2 u\highlight0 lic/  ViePs/
\par [yim@\cf1\highlight2 ro\cf3\highlight0 y\cf0 l\cf3 -0\cf0 1] \cf3 (3\cf0 )$ \cf3 c\f2\u1000?\f3\'a3\highlight2\f0 pr\highlight0 i\f5\u1183?\f0 )te/cp354
\par [y\f5\'e1\'f6\f0 
\par oyal-01]\cf1\highlight2  (\cf0\highlight0 4)\f3\u360?\f0 ls(h)1/l 2A/\cf1\highlight2   \cf0\highlight0 p2B/  p\f3\u512?\f0 B\cf1\highlight2   \cf0\highlight0 pp\u653?  p4B/  p\f3\u534?\highlight2\f0 /
\par \highlight0 
\par [\f5\u1215?\f0 /m@roya\cf1\highlight2 l-\cf0\highlight0 01\cf1\highlight2 ]\f3\u320?\highlight0\u401?\f0 ])(\f3\u325?\highlight2\f0 c\cf0\highlight0 d p\highlight2 5\f4\u135?\highlight0\f0 [yki\cf1\highlight2 m@\cf0\highlight0 royal\cf1\highlight2 -0\cf0\highlight0\f3\u490?\f0  ((\cf1\highlight2\f3\u416?\f0 )\cf0\highlight0  ll
\par s1\f3\u421?\f0 * ss\f3\u422?\f0  \cf1\highlight2  \cf0\highlight0 s3*  s\cf1\highlight2 4*\cf0\highlight0 
\par [ykim@royal-01]\cf1\highlight2  (\cf0\highlight0 7)$ strings s3
\par \cf1\highlight2 /l\cf0\highlight0 ib/ld-linux\cf1\highlight2 .s\cf0\highlight0 o.2
\par libc\cf1\highlight2 .s\cf0\highlight0 o.6
\par _IO_st\cf1\highlight2 di\cf0\highlight0 n_used
\par _\cf1\highlight2 _p\cf0\highlight0 rintf_chk\cf1\highlight2 
\par \cf0\highlight0 exit
\par fopen
\par puts
\par stdin
\par f\cf1\highlight2 ge\cf0\highlight0 ts
\par sleep
\par __c\cf1\highlight2 xa\cf0\highlight0 _finalize
\par strcmp
\par __libc\cf1\highlight2 _s\cf0\highlight0 tart\cf1\highlight2 _m\cf0\highlight0 ain
\par \cf1\highlight2 __\cf0\highlight0 stac\cf1\highlight2 k_\cf0\highlight0 chk_\cf1\highlight2 fa\cf0\highlight0 il
\par GLIBC_2.3.4
\par GLIBC_2.1
\par GLIBC_2.1.3\cf1\highlight2 
\par \cf0\highlight0 GLIBC_2.4
\par GLIBC_2.0
\par _ITM_deregisterTM\cf1\highlight2 Cl\cf0\highlight0 oneTable
\par __gmon_start__
\par _ITM_regi\cf1\highlight2 st\cf0\highlight0 erTMCloneTable
\par WVSQ
\par Y[^_]
\par UWVS
\par \cf1\highlight2 [^\cf0\highlight0 _]
\par ************\cf1\highlight2 **\cf0\highlight0 *********\cf1\highlight2 **\cf0\highlight0 ***********\cf1\highlight2 **\cf0\highlight0 *
\par ****\cf1\highlight2 **\cf0\highlight0 ***** \cf1\highlight2 AL\cf0\highlight0 ARM TRIG\cf1\highlight2 GE\cf0\highlight0 RED *\cf1\highlight2 **\cf0\highlight0 ********
\par !!!!!!!!!!!!!!!!!!!!!!!!!!!!!!!!\cf1\highlight2 !!\cf0\highlight0 !
\par !!!!!!!\cf1\highlight2 !!\cf0\highlight0 !! SAFE OPENED !!!!!\cf1\highlight2 !!\cf0\highlight0 !!!!
\par input %d (of 5)\cf1\highlight2 ?\cf0\highlight0 
\par try-again
\par in\cf1\highlight2 -a\cf0\highlight0 -minute
\par dancing
\par reboot
\par elephant
\par ;*\cf1\highlight2 2$\cf0\highlight0 "
\par GCC: (Ub\cf1\highlight2 un\cf0\highlight0 tu 7.4.0-1ubuntu1~18.04.1) 7.4\cf1\highlight2 .0\cf0\highlight0 
\par crtstu\cf1\highlight2 ff\cf0\highlight0 .c
\par deregiste\cf1\highlight2 r_\cf0\highlight0 tm_clones
\par __do_\cf1\highlight2 gl\cf0\highlight0 obal_dto\cf1\highlight2 rs\cf0\highlight0 _aux
\par completed.72\cf1\highlight2 82\cf0\highlight0 
\par __do_global_dtor\cf1\highlight2 s_\cf0\highlight0 aux_fini_array_entry\cf1\highlight2 
\par f\cf0\highlight0 rame_dummy
\par __f\cf1\highlight2 ra\cf0\highlight0 me_dummy_init_arr\cf1\highlight2 ay\cf0\highlight0 _entry
\par s3.out.c
\par __FRAME_E\cf1\highlight2 ND\cf0\highlight0 __
\par __init_array_end\cf1\highlight2 
\par _\cf0\highlight0 DYNAMIC
\par __init_\cf1\highlight2 ar\cf0\highlight0 ray_\cf1\highlight2 st\cf0\highlight0 art
\par _\cf1\highlight2 _G\cf0\highlight0 NU_EH_FRAME_HDR\cf1\highlight2 
\par _\cf0\highlight0 GLOBAL_OFFSET_TABLE_
\par __lib\cf1\highlight2 c_\cf0\highlight0 csu_fin\cf1\highlight2 i\cf0\highlight0 
\par strcmp@@GLIBC_2.0
\par _\cf1\highlight2 IT\cf0\highlight0 M_deregisterTMCloneTable
\par _\cf1\highlight2 _x\cf0\highlight0 86.get_pc_th\cf1\highlight2 un\cf0\highlight0 k.bx
\par fgets@@GL\cf1\highlight2 IB\cf0\highlight0 C_2.0
\par fail
\par _\cf1\highlight2 ed\cf0\highlight0 ata
\par sleep@@GLI\cf1\highlight2 BC\cf0\highlight0 _2.0
\par __stac\cf1\highlight2 k_\cf0\highlight0 chk_fail@@GLIB\cf1\highlight2 C_\cf0\highlight0 2.4
\par success
\par __x86.get_pc_t\cf1\highlight2 hu\cf0\highlight0 nk.dx
\par __cxa_fi\cf1\highlight2 na\cf0\highlight0 lize@@GLIBC_2.1.\cf1\highlight2 3\cf0\highlight0 
\par __data_start
\par p\cf1\highlight2 ut\cf0\highlight0 s@@GLI\cf1\highlight2 BC\cf0\highlight0 _2.0
\par __gmo\cf1\highlight2 n_\cf0\highlight0 star\cf1\highlight2 t_\cf0\highlight0 _
\par exit@@GLIBC_2.0
\par __dso\cf1\highlight2 _h\cf0\highlight0 andle
\par _IO_stdin_used\cf1\highlight2 
\par _\cf0\highlight0 _libc_start\cf1\highlight2 _m\cf0\highlight0 ain@@GLIBC_2.0
\par __libc_cs\cf1\highlight2 u_\cf0\highlight0 init
\par s\cf1\highlight2 td\cf0\highlight0 in@@GLI\cf1\highlight2 BC\cf0\highlight0 _2.0
\par fop\cf1\highlight2 en\cf0\highlight0 @@GLIBC\cf1\highlight2 _2\cf0\highlight0 .1
\par _fp_hw
\par _\cf1\highlight2 _b\cf0\highlight0 ss_start
\par main
\par __\cf1\highlight2 pr\cf0\highlight0 intf_chk@\cf1\highlight2 @G\cf0\highlight0 LIBC_2.\cf1\highlight2 3.\cf0\highlight0 4
\par __st\cf1\highlight2 ac\cf0\highlight0 k_chk_fail_l\cf1\highlight2 oc\cf0\highlight0 al
\par __TMC_END_\cf1\highlight2 _\cf0\highlight0 
\par _ITM_re\cf1\highlight2 gi\cf0\highlight0 sterTMCl\cf1\highlight2 on\cf0\highlight0 eTabl\cf1\highlight2 e\cf0\highlight0 
\par .symtab\cf1\highlight2 
\par \cf0\highlight0 .strt\cf1\highlight2 ab\cf0\highlight0 
\par .sh\cf1\highlight2 st\cf0\highlight0 rtab
\par .\cf1\highlight2 in\cf0\highlight0 terp
\par .note.A\cf1\highlight2 BI\cf0\highlight0 -tag
\par .no\cf1\highlight2 te\cf0\highlight0 .gnu.build-\cf1\highlight2 id\cf0\highlight0 
\par .gnu.hash\cf1\highlight2 
\par \cf0\highlight0 .dynsym\cf1\highlight2 
\par .\cf0\highlight0 dynst\cf1\highlight2 r\cf0\highlight0 
\par .gn\cf1\highlight2 u.\cf0\highlight0 version\cf1\highlight2 
\par .\cf0\highlight0 gnu.version_r
\par .rel.dyn
\par .rel.pl\cf1\highlight2 t\cf0\highlight0 
\par .init
\par .plt.got
\par .text
\par .fini\cf1\highlight2 
\par \cf0\highlight0 .rodata
\par .eh_frame_hdr
\par .eh\cf1\highlight2 _f\cf0\highlight0 rame
\par .init_array
\par .fini_array
\par .dynamic
\par .data\cf1\highlight2 
\par .\cf0\highlight0 bss
\par .comment
\par [ykim@royal-01] (8)$ disassemble
\par \cf1\highlight2 di\cf0\highlight0 sassemble: command not found
\par [ykim@royal-01] (9)$ gdb s3
\par GNU gdb (Ubuntu 8.\cf1\highlight2 1-\cf0\highlight0 0ubuntu3) 8.1.0.20180409-git
\par Copyright (C) 2018 Free Software Fou\cf1\highlight2 nd\cf0\highlight0 ation, Inc.
\par License GPLv3+: GNU GPL version 3 or later <http://gnu.org/li\cf1\highlight2 ce\cf0\highlight0 nses/gpl.html>
\par This is free sof\cf1\highlight2 tw\cf0\highlight0 are: you are free to change and redistribute i\cf1\highlight2 t.\cf0\highlight0 
\par There is NO WARRANTY, to the extent permitted by l\cf1\highlight2 aw\cf0\highlight0 .  Type "show copying"
\par and "show warranty"\cf1\highlight2  f\cf0\highlight0 or details.
\par This GDB was configured as \cf1\highlight2 "x\cf0\highlight0 86_64-linux-gnu".
\par Type "show configuration" for configuration d\cf1\highlight2 et\cf0\highlight0 ails.
\par For bug reporting instructions, please see\cf1\highlight2 :\cf0\highlight0 
\par <http://www.gnu.org/s\cf1\highlight2 of\cf0\highlight0 tware/gdb/bugs/>.
\par Find the GDB manual and other documentation \cf1\highlight2 re\cf0\highlight0 sources online at:
\par <http://www.gnu.org/software/gdb/documenta\cf1\highlight2 ti\cf0\highlight0 on/>.
\par Fo\cf1\highlight2 r \cf0\highlight0 help, type "help".
\par Type "apropos word" to search for commands re\cf1\highlight2 la\cf0\highlight0 ted to "word"...\cf1\highlight2 
\par R\cf0\highlight0 eading symbols from s3...(no debugging \cf1\highlight2 sy\cf0\highlight0 mbols found)...done.
\par (gdb) run
\par Starti\cf1\highlight2 ng\cf0\highlight0  program: /afs/cs.wisc.edu/u/y/k/ykim/p\cf1\highlight2 ri\cf0\highlight0 vate/cs354/p5/s3
\par input 1 (of 5)? q
\par **********\cf1\highlight2 **\cf0\highlight0 *****************\cf1\highlight2 **\cf0\highlight0 ********
\par ********\cf1\highlight2 **\cf0\highlight0 * ALARM TRIGGERED ****\cf1\highlight2 **\cf0\highlight0 *****
\par **********************************\cf1\highlight2 **\cf0\highlight0 ***
\par [Inferior 1 (process 1177) exited with c\cf1\highlight2 od\cf0\highlight0 e 01]
\par (gdb) disassemble
\par No frame selected.
\par (\cf1\highlight2 gd\cf0\highlight0 b) disassemble main
\par Dump of assembler co\cf1\highlight2 de\cf0\highlight0  for function main:
\par    0x565557a5 \cf1\highlight2 <+\cf0\highlight0 0>:     lea    0x4(%esp),%ecx
\par    0x5655\cf1\highlight2 57\cf0\highlight0 a9 <+4>:     and    $0xfffffff0,%es\cf1\highlight2 p\cf0\highlight0 
\par    0x565557ac <+7>:     pushl  -0x\cf1\highlight2 4(\cf0\highlight0 %ecx)
\par    0x565557af <+10>:    push\cf1\highlight2   \cf0\highlight0  %ebp
\par    0x565557b0 <+11>:    mov \cf1\highlight2   \cf0\highlight0  %esp,%ebp
\par    0x565557b2 <+13>:    push  \cf1\highlight2  %\cf0\highlight0 edi
\par    0x565557b3 <+14>:    push   %esi
\par    0x565557b4 <+15>:   \cf1\highlight2  p\cf0\highlight0 ush   %ebx
\par    0x565557b5 <+16>:    push   \cf1\highlight2 %e\cf0\highlight0 cx
\par    0x565557b6 <+17>:    sub    $0x228,\cf1\highlight2 %e\cf0\highlight0 sp
\par    0x565557bc <+23>:    call   0x56555620\cf1\highlight2  <\cf0\highlight0 __x86.get_pc_thunk.bx>
\par    0x565557c1 <+28>:\cf1\highlight2   \cf0\highlight0   add    $0x17f7,%ebx
\par    0x565557c7 <+34>:    \cf1\highlight2 mo\cf0\highlight0 v    (%ecx),%eax
\par    0x565557c9 <+36>:  \cf1\highlight2   \cf0\highlight0 mov    0x4(%ecx),%edx
\par    0x565557cc <+3\cf1\highlight2 9>\cf0\highlight0 :    mov    %gs:0x14,%ecx
\par    0x565557d3 <+46>:    \cf1\highlight2 mo\cf0\highlight0 v    %ecx,-0x1c(%ebp)
\par    0x565557d6 <+49>:   \cf1\highlight2  x\cf0\highlight0 or    %ecx,%ecx
\par    0x565557d8 <+51>:    c\cf1\highlight2 mp\cf0\highlight0     $0x2,%eax
\par    0x565557db <+54>:    j\cf1\highlight2 e \cf0\highlight0     0x56555804 <main+95>
\par    0x565557dd <+56>:\cf1\highlight2   \cf0\highlight0   mov    0x3c(%ebx),%eax
\par    0x565557e3 <+62>:  \cf1\highlight2   \cf0\highlight0 mov    (%eax),%edi
\par    0x565557e5 <+64>:    mov  \cf1\highlight2   \cf0\highlight0 $0x0,%esi
\par    0x565557ea <+69>:    mov    0x3c(%\cf1\highlight2 eb\cf0\highlight0 x),%eax
\par    0x565557f0 <+75>:    mov    %eax,-0x22c(\cf1\highlight2 %e\cf0\highlight0 bp)
\par    0x565557f6 <+81>:    lea    -0x1\cf1\highlight2 5c\cf0\highlight0 e(%ebx),%eax
\par    0x565557fc <+87>:    mov    %eax\cf1\highlight2 ,-\cf0\highlight0 0x230(%ebp)
\par    0x56555802 <+93>:  \cf1\highlight2   \cf0\highlight0 jmp    0x56555840 <main+155>
\par    0x56555\cf1\highlight2 80\cf0\highlight0 4 <+95>:    sub    $0x8,%esp
\par    0x56555807 <+98>:   \cf1\highlight2  l\cf0\highlight0 ea    -0x15d0(%ebx),%eax
\par    0x5655580d \cf1\highlight2 <+\cf0\highlight0 104>:   push   %eax
\par    0x5655580e <+105>\cf1\highlight2 : \cf0\highlight0   pushl  0x4(%edx)
\par    0x56555811 <+108>:   call   \cf1\highlight2 0x\cf0\highlight0 565555b0 <fopen@plt>
\par    0x56555816 <+11\cf1\highlight2 3>\cf0\highlight0 :   mov    %eax,%edi
\par    0x56555818 <+115>:  \cf1\highlight2  a\cf0\highlight0 dd    $0x10,%esp
\par    0x5655581b <+1\cf1\highlight2 18\cf0\highlight0 >:   jmp    0x565557e5 <main+64>
\par    0x5655\cf1\highlight2 58\cf0\highlight0 1d <+120>:   sub    $0x4,%esp
\par    0\cf1\highlight2 x5\cf0\highlight0 6555820 <+123>:   lea    0x1(%esi),%eax
\par    0x56555823 <+126\cf1\highlight2 >:\cf0\highlight0    push   %eax
\par    0x56555824 <+127>:   pushl  -0x230(\cf1\highlight2 %e\cf0\highlight0 bp)
\par    0x5655582a <+133>:   push   $0x1\cf1\highlight2 
\par  \cf0\highlight0   0x5655582c <+135>:   call   0x565555c0 <__printf_c\cf1\highlight2 hk\cf0\highlight0 @plt>
\par ---Type <return> to continue, or q <retur\cf1\highlight2 n>\cf0\highlight0  to quit---
\par    0x56555831 <+140>:   add\cf1\highlight2   \cf0\highlight0   $0x10,%esp
\par    0x56555834 <+143>:   jmp    0x56555\cf1\highlight2 84\cf0\highlight0 a <main+165>
\par    0x56555836 <+145>:   call   0x5\cf1\highlight2 65\cf0\highlight0 5571d <fail>
\par    0x5655583b <+150>:   cmp \cf1\highlight2   \cf0\highlight0  $0x4,%esi
\par    0x5655583e <+153>:   jg     0x5655588\cf1\highlight2 2 \cf0\highlight0 <main+221>
\par    0x56555840 <+155>:   mov \cf1\highlight2   \cf0\highlight0  -0x22c(%ebp),%eax
\par    0x56555846 <\cf1\highlight2 +1\cf0\highlight0 61>:   cmp    %edi,(%eax)
\par    0x56555\cf1\highlight2 84\cf0\highlight0 8 <+163>:   je     0x5655581d <main+120>
\par    0x5\cf1\highlight2 65\cf0\highlight0 5584a <+165>:   sub    $0x4,%esp
\par  \cf1\highlight2   \cf0\highlight0 0x5655584d <+168>:   push   %edi
\par    0x5655584e <+169\cf1\highlight2 >:\cf0\highlight0    push   $0x200
\par    0x56555853 <+174>:  \cf1\highlight2  l\cf0\highlight0 ea    -0x21c(%ebp),%eax
\par    0x56555859 <\cf1\highlight2 +1\cf0\highlight0 80>:   push   %eax
\par    0x5655585a <+181>:   call   0\cf1\highlight2 x5\cf0\highlight0 6555550 <fgets@plt>
\par    0x5655585f <+186\cf1\highlight2 >:\cf0\highlight0    add    $0x10,%esp
\par    0x56555862 <+189>:   te\cf1\highlight2 st\cf0\highlight0    %eax,%eax
\par    0x56555864 <+191>:\cf1\highlight2   \cf0\highlight0  je     0x5655583b <main+150>
\par    0x56555866 <+193>:  \cf1\highlight2  s\cf0\highlight0 ub    $0x8,%esp
\par    0x56555869 <+196>:   \cf1\highlight2 pu\cf0\highlight0 shl  0x50(%ebx,%esi,4)
\par    0x56555870 <+\cf1\highlight2 20\cf0\highlight0 3>:   push   %eax
\par    0x56555871 <+204>:   call   0x\cf1\highlight2 56\cf0\highlight0 555540 <strcmp@plt>
\par    0x56555876 <+209\cf1\highlight2 >:\cf0\highlight0    add    $0x10,%esp
\par    0x56555879 <+212>:   test  \cf1\highlight2  %\cf0\highlight0 eax,%eax
\par    0x5655587b <+214>:   jne    0x56555836\cf1\highlight2  <\cf0\highlight0 main+145>
\par    0x5655587d <+216>:   add  \cf1\highlight2   \cf0\highlight0 $0x1,%esi
\par    0x56555880 <+219>:   jmp    0x565\cf1\highlight2 55\cf0\highlight0 83b <main+150>
\par    0x56555882 <+221>:   call\cf1\highlight2   \cf0\highlight0  0x56555764 <success>
\par    0x56555887 <+226>:   mov  \cf1\highlight2   \cf0\highlight0 $0x0,%eax
\par    0x5655588c <+231>:   mov    -0x1c\cf1\highlight2 (%\cf0\highlight0 ebp),%edx
\par    0x5655588f <+234>:   \cf1\highlight2 xo\cf0\highlight0 r    %gs:0x14,%edx
\par    0x56555896 <\cf1\highlight2 +2\cf0\highlight0 41>:   jne    0x565558a4 <main+255>\cf1\highlight2 
\par \cf0\highlight0    0x56555898 <+243>:   lea    -0x1\cf1\highlight2 0(\cf0\highlight0 %ebp),%esp
\par    0x5655589b <+246>:  \cf1\highlight2  p\cf0\highlight0 op    %ecx
\par    0x5655589c <+247>:   pop    %eb\cf1\highlight2 x\cf0\highlight0 
\par    0x5655589d <+248>:   po\cf1\highlight2 p \cf0\highlight0    %esi
\par    0x5655589e <+249>:   pop    %edi
\par    0x5655589f <+250>\cf1\highlight2 : \cf0\highlight0   pop    %ebp
\par    0x56\cf1\highlight2 55\cf0\highlight0 58a0 <+251>:   le\cf1\highlight2 a \cf0\highlight0    -0x4(%ecx),%esp
\par    0x5\cf1\highlight2 65\cf0\highlight0 558a3 <\cf1\highlight2 +2\cf0\highlight0 54>:   ret
\par    0x565558a4 <+2\cf1\highlight2 55\cf0\highlight0 >:   ca\cf1\highlight2 ll\cf0\highlight0    0x56555920 <__stack_chk_fail_local>
\par End of assembler dump.
\par (\cf1\highlight2 gd\cf0\highlight0 b) b *main+196
\par Bre\cf1\highlight2 akpo\cf0\highlight0 int 1 at 0x56555869
\par (gdb) c
\par The p\cf1\highlight2 ro\cf0\highlight0 gram is not being run.
\par (gdb) r
\par Starti\cf1\highlight2 ng\cf0\highlight0  program: /afs/\cf1\highlight2 cs\cf0\highlight0 .wisc.edu/u/y/k/ykim/private/cs354/p5/s3
\par \cf1\highlight2 in\cf0\highlight0 put 1 (of 5)? 1\cf1\highlight2 23\cf0\highlight0 
\par 
\par Breakpoint 1, 0x56555869 in\cf1\highlight2  m\cf0\highlight0 ain ()
\par (gdb\cf1\highlight2 ) \cf0\highlight0 print *(int*) (0x50+ $ebx+$esi*\cf1\highlight2 4)\cf0\highlight0 
\par $1 = 14484\cf1\highlight2 34\cf0\highlight0 172
\par (gdb) print /x *(int*) (0x\cf1\highlight2 50\cf0\highlight0 + $ebx+$esi*\cf1\highlight2 4)\cf0\highlight0 
\par $2 = 0x565559fc
\par (gdb) print \cf1\highlight2 *(\cf0\highlight0 char*) 0x56\cf1\highlight2 55\cf0\highlight0 59fc
\par $3 = 116 't'
\par (gdb) print\cf1\highlight2  *\cf0\highlight0 (char*) 0x5\cf1\highlight2 65\cf0\highlight0 559fd
\par $4 = 114 'r'
\par (gdb) prin\cf1\highlight2 t \cf0\highlight0 *(char*) 0x5\cf1\highlight2 65\cf0\highlight0 559fe
\par $5 = 121 'y'
\par (gdb) prin\cf1\highlight2 t \cf0\highlight0 *(char*) 0x\cf1\highlight2 56\cf0\highlight0 5559ff
\par $6 = 45 '-'
\par (gdb) prin\cf1\highlight2 t \cf0\highlight0 *(char*) 0x56\cf1\highlight2 55\cf0\highlight0 5a00
\par $7 = 97 'a'
\par (gdb) print \cf1\highlight2 *(\cf0\highlight0 char*) 0x5655\cf1\highlight2 5a\cf0\highlight0 01
\par $8 = 103 'g'
\par (gdb) print *\cf1\highlight2 (c\cf0\highlight0 har*) 0x56555\cf1\highlight2 a0\cf0\highlight0 2
\par $9 =\cf1\highlight2  9\cf0\highlight0 7 'a'
\par (gdb) print *(char*) 0x\cf1\highlight2 5655\cf0\highlight0 5a03
\par $10 = 105 'i'
\par (gdb) print *(char*) 0x56555\cf1\highlight2 a04\cf0\highlight0 
\par $11 = 110 'n'
\par (gdb) p\cf1\highlight2 ri\cf0\highlight0 nt *(char*) 0x56555a05
\par $12 \cf1\highlight2 = \cf0\highlight0 10 '\\n'
\par (gdb) q
\par A debugging session is active.\cf1\highlight2 
\par \cf0\highlight0 
\par         Inferior 1 [process 1393] will be kille\cf1\highlight2 d.\cf0\highlight0 
\par 
\par Quit anyway? (y or n) y
\par [ykim@royal-01] (10)$ gdb s2
\par GNU gdb (Ubuntu 8.\cf1\highlight2 1-\cf0\highlight0 0ubuntu3) 8.1.0.20180409-git
\par Copyright (C) 2018 Free Software Fou\cf1\highlight2 nd\cf0\highlight0 ation, Inc.
\par License GPLv3+: GNU GPL version 3 or later <http://gnu.org/li\cf1\highlight2 ce\cf0\highlight0 nses/gpl.html>
\par This is free sof\cf1\highlight2 tw\cf0\highlight0 are: you are free to change and redistribute i\cf1\highlight2 t.\cf0\highlight0 
\par There is NO WARRANTY, to the extent permitted by l\cf1\highlight2 aw\cf0\highlight0 .  Type "show copying"
\par and "show warranty"\cf1\highlight2  f\cf0\highlight0 or details.
\par This GDB was configured as \cf1\highlight2 "x\cf0\highlight0 86_64-linux-gnu".
\par Type "show configuration" for configuration d\cf1\highlight2 et\cf0\highlight0 ails.
\par For bug reporting instructions, please see\cf1\highlight2 :\cf0\highlight0 
\par <http://www.gnu.org/s\cf1\highlight2 of\cf0\highlight0 tware/gdb/bugs/>.
\par Find the GDB manual and other documentation \cf1\highlight2 re\cf0\highlight0 sources online at:
\par <http://www.gnu.org/software/gdb/documenta\cf1\highlight2 ti\cf0\highlight0 on/>.
\par \cf1\highlight2 Fo\cf0\highlight0 r help, type "help".
\par Ty\cf1\highlight2 pe\cf3\highlight0  "\cf0 apr\cf3 op\cf0 os \cf3 wo\cf0 rd"\cf3  t\cf0 o\cf1\highlight2  s\cf0\highlight0 earch for commands related to "word".\cf1\highlight2 ..\cf0\highlight0 
\par Reading symbols from s2...(no debuggin\cf1\highlight2 g \cf0\highlight0 symbols found)...done.
\par (gdb) q
\par [ykim@royal-01] (11)$ ls
\par s1*  s2*  s3*  s4*
\par [ykim@royal-01] (12)$ vim s1.solution
\par [yk\cf1\highlight2 im\cf0\highlight0 @royal-01] (13)$ ./s1 < s1.solution\cf1\highlight2 
\par \cf0\highlight0 input 1 (of 5)? input 2 (of 5)? inp\cf1\highlight2 ut\cf0\highlight0  3 (of 5)? input 4 (of 5)? i\cf1\highlight2 np\cf0\highlight0 ut 5 (of 5)? !!      !!!!!!!!!!!!!!!!!!!!!!!!!!!\cf1\highlight2 !!\cf0\highlight0 !!!!
\par !!!!!!!!!!! SAFE OPENED !!!!!!!!!!!
\par !!!!!!\cf1\highlight2 !!\cf0\highlight0 !!!!!!!!!!!!!!!!!!!!!!!!!!!
\par [ykim@royal-01] (14)$ gdb s2
\par GNU gdb (Ubuntu 8.\cf1\highlight2 1-\cf0\highlight0 0ubuntu3) 8.1.0.20180409-git
\par Copyright (C) 2018 Free Software Fou\cf1\highlight2 nd\cf0\highlight0 ation, Inc.
\par License GPLv3+: GNU GPL version 3 or later <http://gnu.org/li\cf1\highlight2 ce\cf0\highlight0 nses/gpl.html>
\par This is free sof\cf1\highlight2 tw\cf0\highlight0 are: you are free to change and redistribute i\cf1\highlight2 t.\cf0\highlight0 
\par There is NO WARRANTY, to the extent permitted by l\cf1\highlight2 aw\cf0\highlight0 .  Type "show copying"
\par and "show warranty"\cf1\highlight2  f\cf0\highlight0 or details.
\par This GDB was configured as \cf1\highlight2 "x\cf0\highlight0 86_64-linux-gnu".
\par Type "show configuration" for configuration d\cf1\highlight2 et\cf0\highlight0 ails.
\par For bug reporting instructions, please see\cf1\highlight2 :\cf0\highlight0 
\par <http://www.gnu.org/s\cf1\highlight2 of\cf0\highlight0 tware/gdb/bugs/>.
\par Find the GDB manual and other documentation \cf1\highlight2 re\cf0\highlight0 sources online at:
\par <http://www.gnu.org/software/gdb/documenta\cf1\highlight2 ti\cf0\highlight0 on/>.
\par For help, type \cf1\highlight2 "h\cf0\highlight0 elp".
\par Type "apropos word" to search for \cf1\highlight2 co\cf0\highlight0 mmands related to "word"...
\par Reading symbols \cf1\highlight2 fr\cf0\highlight0 om s2...(no debugging symbols found)...done.
\par (\cf1\highlight2 gd\cf0\highlight0 b) disassemble main
\par Dump of assembler co\cf1\highlight2 de\cf0\highlight0  for function main:
\par    0x00000775 \cf1\highlight2 <+\cf0\highlight0 0>:     lea    0x4(%esp),%ecx
\par    0x0000\cf1\highlight2 07\cf0\highlight0 79 <+4>:     and    $0xfffffff0,%es\cf1\highlight2 p\cf0\highlight0 
\par    0x0000077c <+7>:     pushl  -0x\cf1\highlight2 4(\cf0\highlight0 %ecx)
\par    0x0000077f <+10>:    push\cf1\highlight2   \cf0\highlight0  %ebp
\par    0x00000780 <+11>:    mov \cf1\highlight2   \cf0\highlight0  %esp,%ebp
\par    0x00000782 <+13>:    push  \cf1\highlight2  %\cf0\highlight0 edi
\par    0x00000783 <+14>:    push   %esi
\par    0x00000784 <+15\cf1\highlight2 >:\cf0\highlight0     push   %ebx
\par    0x00000785 <+16>:    pu\cf1\highlight2 sh\cf0\highlight0    %ecx
\par    0x00000786 <+17>:    sub    $0\cf1\highlight2 x2\cf0\highlight0 28,%esp
\par    0x0000078c <+23>:    call   0x5f0\cf1\highlight2  <\cf0\highlight0 __x86.get_pc_thunk.bx>
\par    0x00000791 <+28>:\cf1\highlight2   \cf0\highlight0   add    $0x1827,%ebx
\par    0x00000797 <+34>:    \cf1\highlight2 mo\cf0\highlight0 v    (%ecx),%eax
\par    0x00000799 <+36>:  \cf1\highlight2   \cf0\highlight0 mov    0x4(%ecx),%edx
\par    0x0000079c <+3\cf1\highlight2 9>\cf0\highlight0 :    mov    %gs:0x14,%ecx
\par    0x000007a3 <+46>:\cf1\highlight2   \cf0\highlight0   mov    %ecx,-0x1c(%ebp)
\par    0x000007a6 <+49>\cf1\highlight2 : \cf0\highlight0    xor    %ecx,%ecx
\par    0x000007a8 <+51>: \cf1\highlight2   \cf0\highlight0  cmp    $0x2,%eax
\par    0x000007ab <+54>: \cf1\highlight2   \cf0\highlight0  je     0x7e0 <main+107>
\par    0x000007ad <+56>:\cf1\highlight2   \cf0\highlight0   mov    0x3c(%ebx),%eax
\par    0x000007b3 <+62>:  \cf1\highlight2   \cf0\highlight0 mov    (%eax),%edi
\par    0x000007b5 <+64>:    mo\cf1\highlight2 v \cf0\highlight0    $0x1,%esi
\par    0x000007ba <+69>:    lea    0x6\cf1\highlight2 0(\cf0\highlight0 %ebx),%eax
\par    0x000007c0 <+75>:    mov    %eax,-\cf1\highlight2 0x\cf0\highlight0 22c(%ebp)
\par    0x000007c6 <+81>:    mov    0x3c(%\cf1\highlight2 eb\cf0\highlight0 x),%eax
\par    0x000007cc <+87>:    mov    %eax,-0\cf1\highlight2 x2\cf0\highlight0 30(%ebp)
\par    0x000007d2 <+93>:    lea   \cf1\highlight2  -\cf0\highlight0 0x15de(%ebx),%eax
\par    0x000007d8 <+99>:    mov   \cf1\highlight2  %\cf0\highlight0 eax,-0x234(%ebp)
\par    0x000007de <+1\cf1\highlight2 05\cf0\highlight0 >:   jmp    0x819 <main+164>
\par    0x00000\cf1\highlight2 7e\cf0\highlight0 0 <+107>:   sub    $0x8,%esp
\par    0x000007e3 <+11\cf1\highlight2 0>\cf0\highlight0 :   lea    -0x15e0(%ebx),%eax
\par    0x0000\cf1\highlight2 07\cf0\highlight0 e9 <+116>:   push   %eax
\par    0x000007ea <\cf1\highlight2 +1\cf0\highlight0 17>:   pushl  0x4(%edx)
\par    0x000007ed <+120>:\cf1\highlight2   \cf0\highlight0  call   0x570 <fopen@plt>
\par    0x000007f2\cf1\highlight2  <\cf0\highlight0 +125>:   mov    %eax,%edi
\par    0x000\cf1\highlight2 00\cf0\highlight0 7f4 <+127>:   add    $0x10,%esp
\par    0x00000\cf1\highlight2 7f\cf0\highlight0 7 <+130>:   jmp    0x7b5 <main+64>\cf1\highlight2 
\par  \cf0\highlight0   0x000007f9 <+132>:   sub    $0x4,%esp
\par    0x000007fc\cf1\highlight2  <\cf0\highlight0 +135>:   push   %esi
\par    0x000007fd <+136>:   pushl  -0\cf1\highlight2 x2\cf0\highlight0 34(%ebp)
\par    0x00000803 <+142>:   push   \cf1\highlight2 $0\cf0\highlight0 x1
\par ---Type <return> to continue, or q <return>\cf1\highlight2  t\cf0\highlight0 o quit---
\par    0x00000805 <+144>:   call   0\cf1\highlight2 x5\cf0\highlight0 80 <__printf_chk@plt>
\par    0x0000080a <+1\cf1\highlight2 49\cf0\highlight0 >:   add    $0x10,%esp
\par    0x0000080d <+152>:  \cf1\highlight2  j\cf0\highlight0 mp    0x823 <main+174>
\par    0x0000080f <+154>:   \cf1\highlight2 ca\cf0\highlight0 ll   0x6ed <fail>
\par    0x00000814 <+159>:  \cf1\highlight2  c\cf0\highlight0 mp    $0x5,%esi
\par    0x00000817 <+162>:   jg    \cf1\highlight2  0\cf0\highlight0 x870 <main+251>
\par    0x00000819 <+164>:  \cf1\highlight2  m\cf0\highlight0 ov    -0x230(%ebp),%eax
\par    0x00000\cf1\highlight2 81\cf0\highlight0 f <+170>:   cmp    %edi,(%eax)
\par    0x\cf1\highlight2 00\cf0\highlight0 000821 <+172>:   je     0x7f9 <main+132>
\par    0x0\cf1\highlight2 00\cf0\highlight0 00823 <+174>:   sub    $0x4,%esp
\par  \cf1\highlight2   \cf0\highlight0 0x00000826 <+177>:   push   %edi
\par    0x00000827 \cf1\highlight2 <+\cf0\highlight0 178>:   push   $0x200
\par    0x0000082c <+18\cf1\highlight2 3>\cf0\highlight0 :   lea    -0x21c(%ebp),%eax
\par    0x00000\cf1\highlight2 83\cf0\highlight0 2 <+189>:   push   %eax
\par    0x00000833 <+190>: \cf1\highlight2   \cf0\highlight0 call   0x510 <fgets@plt>
\par    0x00000838 \cf1\highlight2 <+\cf0\highlight0 195>:   add    $0x10,%esp
\par    0x000\cf1\highlight2 00\cf0\highlight0 83b <+198>:   test   %eax,%eax
\par    \cf1\highlight2 0x\cf0\highlight0 0000083d <+200>:   je     0x814 <main+159>
\par    0\cf1\highlight2 x0\cf0\highlight0 000083f <+202>:   sub    $0x4,%esp\cf1\highlight2 
\par  \cf0\highlight0   0x00000842 <+205>:   push   $0xa
\par    0x00000844\cf1\highlight2  <\cf0\highlight0 +207>:   push   $0x0
\par    0x00000846 <+20\cf1\highlight2 9>\cf0\highlight0 :   lea    -0x21c(%ebp),%eax
\par    0x000008\cf1\highlight2 4c\cf0\highlight0  <+215>:   push   %eax
\par    0x0000084d <+216>:   \cf1\highlight2 ca\cf0\highlight0 ll   0x590 <strtol@plt>
\par    0x00000852 <+2\cf1\highlight2 21\cf0\highlight0 >:   sub    %esi,%eax
\par    0x00000854 <+223>:   \cf1\highlight2 ad\cf0\highlight0 d    $0x10,%esp
\par    0x00000857 <+226>:   mov    \cf1\highlight2 -0\cf0\highlight0 x22c(%ebp),%edx
\par    0x0000085d <+232>:  \cf1\highlight2  c\cf0\highlight0 mp    %eax,(%edx)
\par    0x0000085f <+234>:\cf1\highlight2   \cf0\highlight0  jne    0x80f <main+154>
\par    0x00000861 <+236>:\cf1\highlight2   \cf0\highlight0  subl   $0x4,-0x22c(%ebp)
\par    0x00000868 <+243\cf1\highlight2 >:\cf0\highlight0    add    $0x1,%esi
\par    0x0000086b <+246\cf1\highlight2 >:\cf0\highlight0    cmp    $0x5,%esi
\par    0x0000086e <+249>:   jl\cf1\highlight2 e \cf0\highlight0    0x819 <main+164>
\par    0x00000870 <+251>:  \cf1\highlight2  c\cf0\highlight0 all   0x734 <success>
\par    0x00000875 <+256>:   \cf1\highlight2 mo\cf0\highlight0 v    $0x0,%eax
\par    0x0000087a <+261>:   mov    \cf1\highlight2 -0\cf0\highlight0 x1c(%ebp),%ecx
\par    0x0000087d <+264\cf1\highlight2 >:\cf0\highlight0    xor    %gs:0x14,%ecx
\par    0x00000\cf1\highlight2 88\cf0\highlight0 4 <+271>:   jne    0x892 <main+285>\cf1\highlight2 
\par \cf0\highlight0    0x00000886 <+273>:   lea    -0x10(%ebp),%esp
\par    0x\cf1\highlight2 00\cf0\highlight0 000889 <+276>:   pop    %ecx
\par    0x\cf1\highlight2 00\cf0\highlight0 00088a <+277>:   pop    %ebx
\par    0x\cf1\highlight2 00\cf0\highlight0 00088b <+278>:   pop    %esi
\par ---Type <return>\cf1\highlight2  t\cf0\highlight0 o continue, or q <return> t\cf1\highlight2 o \cf0\highlight0 quit---
\par    0x0000088c <+279>:   pop    %edi
\par    0x0000088d <\cf1\highlight2 +2\cf0\highlight0 80>:   pop    %ebp
\par   \cf1\highlight2  0\cf0\highlight0 x0000088e <+281>: \cf1\highlight2   \cf0\highlight0 lea    -0x4(%ecx),%es\cf1\highlight2 p\cf0\highlight0 
\par    0x0\cf1\highlight2 00\cf0\highlight0 00891 <+284>:   ret
\par    0x00000892 <+285>:   call   0x910 <__stac\cf1\highlight2 k_\cf0\highlight0 chk_fail_local>
\par End o\cf1\highlight2 f \cf0\highlight0 assembler dump.
\par (gdb) b *main +246
\par Br\cf1\highlight2 ea\cf0\highlight0 kpoint 1 at 0x86b
\par (gdb) r
\par Starting pr\cf1\highlight2 og\cf0\highlight0 ram: /afs/cs.wisc.edu/u/y/k/ykim/privat\cf1\highlight2 e/\cf0\highlight0 cs354/p5/s2
\par input 1 (of 5)? 111111
\par **********\cf1\highlight2 **\cf0\highlight0 *****************\cf1\highlight2 **\cf0\highlight0 ********
\par ********\cf1\highlight2 **\cf0\highlight0 * ALARM TRIGG\cf1\highlight2 ER\cf0\highlight0 ED ***********
\par **********\cf1\highlight2 **\cf0\highlight0 *******\cf1\highlight2 **\cf0\highlight0 ******************
\par [Inferior\cf1\highlight2  1\cf0\highlight0  (process\cf1\highlight2  5\cf0\highlight0 390) exited with code 01]
\par (gdb) disassemble
\par No frame selected.\cf1\highlight2 
\par (gd\cf0\highlight0 b) b *main
\par Breakpoint 2 at 0x56555\cf1\highlight2 77\cf0\highlight0 5
\par (gdb) c
\par The prog\cf1\highlight2 ra\cf0\highlight0 m is not being run.
\par (gdb) run
\par Starting p\cf1\highlight2 ro\cf0\highlight0 gram: /afs/cs.wisc.edu/u/y/k/ykim/private\cf1\highlight2 /c\cf0\highlight0 s354/p5/s2
\par 
\par Breakpoint 2, 0x5655577\cf1\highlight2 5 \cf0\highlight0 in main ()
\par (gdb) info re\cf1\highlight2 gi\cf0\highlight0 sters
\par eax            0xf7fa8dd8       -13\cf1\highlight2 45\cf0\highlight0 74632
\par ecx            0x1b5\cf1\highlight2 7c\cf0\highlight0 f01       458739457
\par edx            0xffff\cf1\highlight2 da\cf0\highlight0 84       -9596
\par ebx      \cf1\highlight2   \cf0\highlight0     0x0      0
\par esp            0xffffda5c       0\cf1\highlight2 xf\cf0\highlight0 fffda5c
\par ebp            0x0      0x0\cf1\highlight2 
\par \cf0\highlight0 esi            0xf7fa7000 \cf1\highlight2   \cf0\highlight0     -134582272
\par edi       \cf1\highlight2   \cf0\highlight0    0x0      0
\par eip        \cf1\highlight2   \cf0\highlight0   0x56555775       0x56555\cf1\highlight2 77\cf0\highlight0 5 <main>
\par eflags         \cf1\highlight2 0x\cf0\highlight0 246    [ PF ZF IF ]
\par cs   \cf1\highlight2   \cf0\highlight0        \cf1\highlight2  0\cf0\highlight0 x23     35\cf1\highlight2 
\par s\cf0\highlight0 s             0x2b   \cf1\highlight2   \cf0\highlight0 43
\par ds             0x2b     43
\par es     \cf1\highlight2   \cf0\highlight0       0x2b     43
\par fs             0x0  \cf1\highlight2   \cf0\highlight0   0
\par gs             0x63     99
\par (gdb) \cf1\highlight2 c\cf0\highlight0 
\par Continuing.
\par input 1 (of 5)? 11111
\par **********\cf1\highlight2 **\cf0\highlight0 *********************\cf1\highlight2 **\cf0\highlight0 ****
\par *********** ALARM TR\cf1\highlight2 IG\cf0\highlight0 GERED ***********
\par **\cf1\highlight2 **\cf0\highlight0 **************************\cf1\highlight2 **\cf0\highlight0 *******\cf1\highlight2 
\par \cf0\highlight0 [Inferior 1 (process 5409) ex\cf1\highlight2 it\cf0\highlight0 ed with c\cf1\highlight2 od\cf0\highlight0 e 01]
\par (gdb) break *main+190
\par Breakpoint 3 at 0x56555833
\par (gdb) b\cf1\highlight2 reak\cf0\highlight0  *main+232
\par Breakpoint 4 at 0x56555\cf1\highlight2 85\cf0\highlight0 d
\par (gdb) c
\par The p\cf1\highlight2 ro\cf0\highlight0 gram is not being run.
\par (gdb) run
\par Starti\cf1\highlight2 ng\cf0\highlight0  program: /afs/cs.wisc.edu/u/y/k/ykim/private\cf1\highlight2 /c\cf0\highlight0 s354/p5/s2
\par 
\par Breakpoint 2, 0x56555775 in main \cf1\highlight2 ()\cf0\highlight0 
\par (gdb) disassemble
\par Dump of assembler co\cf1\highlight2 de\cf0\highlight0  for function main:
\par => 0x56555775 \cf1\highlight2 <+\cf0\highlight0 0>:     lea    0x4(%esp),%ecx
\par    0x5655\cf1\highlight2 57\cf0\highlight0 79 <+4>:     and    $0xfffffff0,%es\cf1\highlight2 p\cf0\highlight0 
\par    0x5655577c <+7>:     pushl  -0x\cf1\highlight2 4(\cf0\highlight0 %ecx)
\par    0x5655577f <+10>:    push\cf1\highlight2   \cf0\highlight0  %ebp
\par    0x56555780 <+11>:    mov \cf1\highlight2   \cf0\highlight0  %esp,%ebp
\par    0x56555782 <+13>:    push  \cf1\highlight2  %\cf0\highlight0 edi
\par    0x56555783 <+14>:    push   %esi
\par    0x56555784 <+15>:   \cf1\highlight2  p\cf0\highlight0 ush   %ebx
\par    0x56555785 <+16>:    push   \cf1\highlight2 %e\cf0\highlight0 cx
\par    0x56555786 <+17>:    sub    $0x228,\cf1\highlight2 %e\cf0\highlight0 sp
\par    0x5655578c <+23>:    call   0x565555f0\cf1\highlight2  <\cf0\highlight0 __x86.get_pc_thunk.bx>
\par    0x56555791 <+28>:\cf1\highlight2   \cf0\highlight0   add    $0x1827,%ebx
\par    0x56555797 <+34>:    \cf1\highlight2 mo\cf0\highlight0 v    (%ecx),%eax
\par    0x56555799 <+36>:  \cf1\highlight2   \cf0\highlight0 mov    0x4(%ecx),%edx
\par    0x5655579c <+3\cf1\highlight2 9>\cf0\highlight0 :    mov    %gs:0x14,%ecx
\par    0x565557a3 <+46>:    m\cf1\highlight2 ov\cf0\highlight0     %ecx,-0x1c(%ebp)
\par    0x565557a6 <+49>:    \cf1\highlight2 xo\cf0\highlight0 r    %ecx,%ecx
\par    0x565557a8 <+51>:    cm\cf1\highlight2 p \cf0\highlight0    $0x2,%eax
\par    0x565557ab <+54>:    je\cf1\highlight2   \cf0\highlight0    0x565557e0 <main+107>
\par    0x565557ad <+56>:\cf1\highlight2   \cf0\highlight0   mov    0x3c(%ebx),%eax
\par    0x565557b3 <+62>:  \cf1\highlight2   \cf0\highlight0 mov    (%eax),%edi
\par    0x565557b5 <+64>:    mo\cf1\highlight2 v \cf0\highlight0    $0x1,%esi
\par    0x565557ba <+69>:    lea    0x6\cf1\highlight2 0(\cf0\highlight0 %ebx),%eax
\par    0x565557c0 <+75>:    mov    %eax,-\cf1\highlight2 0x\cf0\highlight0 22c(%ebp)
\par    0x565557c6 <+81>:    mov    0x3c(%\cf1\highlight2 eb\cf0\highlight0 x),%eax
\par    0x565557cc <+87>:    mov    %eax,-0x230(\cf1\highlight2 %e\cf0\highlight0 bp)
\par    0x565557d2 <+93>:    lea    -0x1\cf1\highlight2 5d\cf0\highlight0 e(%ebx),%eax
\par    0x565557d8 <+99>:    mov    %eax\cf1\highlight2 ,-\cf0\highlight0 0x234(%ebp)
\par    0x565557de <+105>: \cf1\highlight2   \cf0\highlight0 jmp    0x56555819 <main+164>
\par    0x56555\cf1\highlight2 7e\cf0\highlight0 0 <+107>:   sub    $0x8,%esp
\par    0x565557e3 <+110>:  \cf1\highlight2  l\cf0\highlight0 ea    -0x15e0(%ebx),%eax
\par    0x565557e9 \cf1\highlight2 <+\cf0\highlight0 116>:   push   %eax
\par    0x565557ea <+117>\cf1\highlight2 : \cf0\highlight0   pushl  0x4(%edx)
\par    0x565557ed <+120>:   call   \cf1\highlight2 0x\cf0\highlight0 56555570 <fopen@plt>
\par    0x565557f2 <+12\cf1\highlight2 5>\cf0\highlight0 :   mov    %eax,%edi
\par    0x565557f4\cf1\highlight2  <\cf0\highlight0 +127>:   add    $0x10,%esp
\par    0x565557f7 <\cf1\highlight2 +1\cf0\highlight0 30>:   jmp    0x565557b5 <main+64>\cf1\highlight2 
\par  \cf0\highlight0   0x565557f9 <+132>:   sub    $0x4,%esp
\par    0x565557fc\cf1\highlight2  <\cf0\highlight0 +135>:   push   %esi
\par    0x565557fd <+136>:   pushl  -0x234(\cf1\highlight2 %e\cf0\highlight0 bp)
\par    0x56555803 <+142>:   push   $0x1\cf1\highlight2 
\par -\cf0\highlight0 --Type <return> to continue, or q <return> to quit--\cf1\highlight2 -\cf0\highlight0 
\par    0x56555805 <+144>:   call   0x56555580 <__pr\cf1\highlight2 in\cf0\highlight0 tf_chk@plt>
\par    0x5655580a <+149>:   add\cf1\highlight2   \cf0\highlight0   $0x10,%esp
\par    0x5655580d <+152>:   jmp    0x56555\cf1\highlight2 82\cf0\highlight0 3 <main+174>
\par    0x5655580f <+154>:   call   0x5\cf1\highlight2 65\cf0\highlight0 556ed <fail>
\par    0x56555814 <+159>:   cmp \cf1\highlight2   \cf0\highlight0  $0x5,%esi
\par    0x56555817 <+162>:   jg     0x5655587\cf1\highlight2 0 \cf0\highlight0 <main+251>
\par    0x56555819 <+164>:   mov \cf1\highlight2   \cf0\highlight0  -0x230(%ebp),%eax
\par    0x5655581f <\cf1\highlight2 +1\cf0\highlight0 70>:   cmp    %edi,(%eax)
\par    0x56555\cf1\highlight2 82\cf0\highlight0 1 <+172>:   je     0x565557f9 <main+132>
\par    0x5\cf1\highlight2 65\cf0\highlight0 55823 <+174>:   sub    $0x4,%esp
\par  \cf1\highlight2   \cf0\highlight0 0x56555826 <+177>:   push   %edi
\par    0x56555827 <+178\cf1\highlight2 >:\cf0\highlight0    push   $0x200
\par    0x5655582c <+183>:  \cf1\highlight2  l\cf0\highlight0 ea    -0x21c(%ebp),%eax
\par    0x56555832 <\cf1\highlight2 +1\cf0\highlight0 89>:   push   %eax
\par    0x56555833 <+190>:   call   0\cf1\highlight2 x5\cf0\highlight0 6555510 <fgets@plt>
\par    0x56555838 <+195\cf1\highlight2 >:\cf0\highlight0    add    $0x10,%esp
\par    0x5655583b\cf1\highlight2  <\cf0\highlight0 +198>:   test   %eax,%eax
\par    0x565\cf1\highlight2 55\cf0\highlight0 83d <+200>:   je     0x56555814 <main+159>
\par    0\cf1\highlight2 x5\cf0\highlight0 655583f <+202>:   sub    $0x4,%esp\cf1\highlight2 
\par  \cf0\highlight0   0x56555842 <+205>:   push   $0xa
\par    0x56555844 <+20\cf1\highlight2 7>\cf0\highlight0 :   push   $0x0
\par    0x56555846 <+209>:  \cf1\highlight2  l\cf0\highlight0 ea    -0x21c(%ebp),%eax
\par    0x5655584c <+\cf1\highlight2 21\cf0\highlight0 5>:   push   %eax
\par    0x5655584d <+216>:   call \cf1\highlight2   \cf0\highlight0 0x56555590 <strtol@plt>
\par    0x56555852 <+2\cf1\highlight2 21\cf0\highlight0 >:   sub    %esi,%eax
\par    0x56555854 <+223>:   add  \cf1\highlight2   \cf0\highlight0 $0x10,%esp
\par    0x56555857 <+226>:   mov    -0x22\cf1\highlight2 c(\cf0\highlight0 %ebp),%edx
\par    0x5655585d <+232>:   cmp \cf1\highlight2   \cf0\highlight0  %eax,(%edx)
\par    0x5655585f <+234>:   jn\cf1\highlight2 e \cf0\highlight0    0x5655580f <main+154>
\par    0x56555861 <+236>:   su\cf1\highlight2 bl\cf0\highlight0    $0x4,-0x22c(%ebp)
\par    0x56555868 <+243>:   add  \cf1\highlight2   \cf0\highlight0 $0x1,%esi
\par    0x5655586b <+246>:   cmp  \cf1\highlight2   \cf0\highlight0 $0x5,%esi
\par    0x5655586e <+249>:   jle    0x565\cf1\highlight2 55\cf0\highlight0 819 <main+164>
\par    0x56555870 <+251>:   call\cf1\highlight2   \cf0\highlight0  0x56555734 <success>
\par    0x56555875 <+256>:   mov  \cf1\highlight2   \cf0\highlight0 $0x0,%eax
\par    0x5655587a <+261>:   mov    -0x1c\cf1\highlight2 (%\cf0\highlight0 ebp),%ecx
\par    0x5655587d <+264>:   \cf1\highlight2 xo\cf0\highlight0 r    %gs:0x14,%ecx
\par    0x56555884 <\cf1\highlight2 +2\cf0\highlight0 71>:   jne    0x56555892 <main+285>\cf1\highlight2 
\par \cf0\highlight0    0x56555886 <+273>:   lea    -0x10(%ebp),%esp
\par    0x\cf1\highlight2 56\cf0\highlight0 555889 <+276>:   pop    %ecx
\par    0x\cf1\highlight2 56\cf0\highlight0 55588a <+277>:   pop    %ebx
\par    0x\cf1\highlight2 56\cf0\highlight0 55588b <+278>:   pop    %esi
\par ---Type <return>\cf1\highlight2  t\cf0\highlight0 o continue, or q <return> t\cf1\highlight2 o \cf0\highlight0 quit---
\par    0x5655588c <+279>:   pop    %edi
\par    0x5655588d <+280>\cf1\highlight2 : \cf0\highlight0   pop    %ebp
\par    0x56\cf1\highlight2 55\cf0\highlight0 588e <+\cf1\highlight2 28\cf0\highlight0 1>:   lea  \cf1\highlight2   -0\cf0\highlight0 x4(%ecx),%esp
\par    0x56555891 <+284>\cf1\highlight2 : \cf0\highlight0   ret
\par \cf1\highlight2   \cf0\highlight0  0x56555892\cf1\highlight2  <\cf0\highlight0 +285>:   call   0x565\cf1\highlight2 5591\cf0\highlight0 0 <__stack_chk_fail_local>
\par End of \cf1\highlight2 as\cf0\highlight0 sembler dump.
\par (gdb)\cf1\highlight2  c\cf0\highlight0 
\par Continuing.
\par 
\par Breakpoint 3\cf1\highlight2 , \cf0\highlight0 0x56555833 in main ()
\par (g\cf1\highlight2 db\cf0\highlight0 ) c
\par Continuing.
\par input 1 (of 5)? 11111
\par \cf1\highlight2 
\par B\cf0\highlight0 reakpoint 4, 0x5655585d in main ()
\par (gdb) \cf1\highlight2 in\cf0\highlight0 fo registers
\par eax            0x2b66   1111\cf1\highlight2 0\cf0\highlight0 
\par ecx            0x0      0
\par edx           \cf1\highlight2  0\cf0\highlight0 x56557018       144843983\cf1\highlight2 2\cf0\highlight0 
\par ebx            0x56556fb8       144843973\cf1\highlight2 6\cf0\highlight0 
\par esp            0xffffd810       0xffffd810
\par ebp     \cf1\highlight2   \cf0\highlight0      0xffffda48       0xffffda48\cf1\highlight2 
\par e\cf0\highlight0 si            0x1      1
\par \cf1\highlight2 ed\cf0\highlight0 i            0xf7fa75c0   \cf1\highlight2   \cf0\highlight0   -134580800
\par eip         \cf1\highlight2   \cf0\highlight0  0x5655585d       0x565558\cf1\highlight2 5d\cf0\highlight0  <main+232>
\par eflags      \cf1\highlight2   \cf0\highlight0  0x282    [ SF IF ]
\par cs   \cf1\highlight2   \cf0\highlight0         0x23     35
\par ss   \cf1\highlight2   \cf0\highlight0         0x2\cf1\highlight2 b \cf0\highlight0     43
\par ds             0x2b  \cf1\highlight2   \cf0\highlight0  43
\par es     \cf1\highlight2   \cf0\highlight0       0x2b     43
\par fs   \cf1\highlight2   \cf0\highlight0         0x0      0
\par \cf1\highlight2 gs\cf0\highlight0              0x63     99
\par (gdb\cf1\highlight2 ) \cf0\highlight0 print *(int*) ($edx)
\par $1 \cf1\highlight2 = \cf0\highlight0 994964
\par (gdb) print /x *(int*) ($edx)
\par $2 \cf1\highlight2 = \cf0\highlight0 0xf2e94
\par (gdb) set $eax = 0xf2e94
\par (gdb) i\cf1\highlight2 nf\cf0\highlight0 o registers
\par eax            0xf2e94  99496\cf1\highlight2 4\cf0\highlight0 
\par ecx            0x0      0
\par edx           \cf1\highlight2  0\cf0\highlight0 x56557018       144843983\cf1\highlight2 2\cf0\highlight0 
\par ebx            0x56556fb8       144843973\cf1\highlight2 6\cf0\highlight0 
\par esp            0xffffd810       0xffffd810
\par ebp     \cf1\highlight2   \cf0\highlight0      0xffffda48       0xffffda48\cf1\highlight2 
\par e\cf0\highlight0 si            0x1      1
\par \cf1\highlight2 ed\cf0\highlight0 i            0xf7fa75c0   \cf1\highlight2   \cf0\highlight0   -134580800
\par eip         \cf1\highlight2   \cf0\highlight0  0x5655585d       0x565558\cf1\highlight2 5d\cf0\highlight0  <main+232>
\par eflags      \cf1\highlight2   \cf0\highlight0  0x282    [ SF IF ]
\par cs   \cf1\highlight2   \cf0\highlight0        \cf1\highlight2  0\cf0\highlight0 x23     35\cf1\highlight2 
\par ss \cf0\highlight0             0x2b     43
\par ds        \cf1\highlight2   \cf0\highlight0    0x2b\cf1\highlight2   \cf0\highlight0    43
\par es  \cf1\highlight2     \cf0\highlight0        0x2b     43
\par fs             \cf1\highlight2 0x\cf0\highlight0 0      \cf1\highlight2 0\cf0\highlight0 
\par gs        \cf1\highlight2   \cf0\highlight0    0x63     99
\par (gdb)\cf1\highlight2  c
\par \cf0\highlight0 Continuing.
\par 
\par Breakpoint 1, 0x5655\cf1\highlight2 58\cf0\highlight0 6b in main ()
\par (gdb) c
\par Conti\cf1\highlight2 nu\cf0\highlight0 ing.
\par 
\par Brea\cf1\highlight2 kp\cf0\highlight0 oint 3, 0x\cf1\highlight2 56\cf0\highlight0 555833 in\cf1\highlight2  m\cf0\highlight0 ain ()
\par (gdb) c
\par Continuing.
\par input 2 (of 5)? 11111\cf1\highlight2 
\par \cf0\highlight0 
\par Breakpoint 4, 0x5655585d in main ()
\par (\cf1\highlight2 gd\cf0\highlight0 b) print /x *(int*) ($edx)
\par $3 = 0xa20d1
\par (gdb) Quit
\par (gdb) run
\par \cf1\highlight2 The \cf0\highlight0 program being debugged has been sta\cf1\highlight2 rt\cf0\highlight0 ed alre\cf1\highlight2 ad\cf0\highlight0 y.
\par Start i\cf1\highlight2 t fr\cf0\highlight0 om the beginning? (y or n) y
\par Start\cf1\highlight2 in\cf0\highlight0 g progr\cf1\highlight2 am\cf0\highlight0 : /afs/cs.w\cf1\highlight2 is\cf0\highlight0 c.edu/u/y/k/ykim/privat\cf1\highlight2 e/cs\cf0\highlight0 354/p5/s2
\par 
\par Breakpoint 2, 0x565557\cf1\highlight2 75\cf0\highlight0  in mai\cf1\highlight2 n \cf0\highlight0 ()
\par (gdb) c\cf1\highlight2 
\par \cf0\highlight0 Continuing.
\par 
\par Breakpoint 3, 0x56555833\cf1\highlight2  i\cf0\highlight0 n main ()
\par (gdb) c
\par Continuing.
\par input \cf1\highlight2 1 \cf0\highlight0 (of 5)? 0xf2e95
\par 
\par Breakpoint 4, 0x5655\cf1\highlight2 58\cf0\highlight0 5d in main ()
\par (gdb) c
\par Continuing.
\par **********\cf1\highlight2 **\cf0\highlight0 *********\cf1\highlight2 **\cf0\highlight0 ****************
\par *********** ALARM TRIGGERED ***********
\par ******\cf1\highlight2 ****\cf0\highlight0 *****************************
\par [Inf\cf1\highlight2 er\cf0\highlight0 ior 1 (\cf1\highlight2 pr\cf0\highlight0 ocess 8376)\cf1\highlight2  exi\cf0\highlight0 ted with code 01]
\par (gdb) run
\par Start\cf1\highlight2 in\cf0\highlight0 g progr\cf1\highlight2 am\cf0\highlight0 : /afs/cs.w\cf1\highlight2 is\cf0\highlight0 c.edu/u/y/k/ykim/privat\cf1\highlight2 e/cs\cf0\highlight0 354/p5/s2
\par 
\par Breakpoint 2, 0x565557\cf1\highlight2 75\cf0\highlight0  in mai\cf1\highlight2 n \cf0\highlight0 ()
\par (gdb) c\cf1\highlight2 
\par \cf0\highlight0 Continuing.
\par 
\par Breakpoint 3, 0x56555833\cf1\highlight2  i\cf0\highlight0 n main ()
\par (gdb) c
\par Continuing.
\par input \cf1\highlight2 1 \cf0\highlight0 (of 5)? 0xf2e94
\par 
\par Breakpoint 4, 0x5655\cf1\highlight2 58\cf0\highlight0 5d in main ()
\par (gdb) c
\par Continuing.
\par **********\cf1\highlight2 **\cf0\highlight0 *********\cf1\highlight2 **\cf0\highlight0 ****************
\par *********** ALARM TRIGGERED ***********
\par ******\cf1\highlight2 ****\cf0\highlight0 *****************************
\par [Inf\cf1\highlight2 er\cf0\highlight0 ior 1 (process 83\cf1\highlight2 92\cf0\highlight0 ) exited with code 01]
\par (gdb) run
\par Starting p\cf1\highlight2 ro\cf0\highlight0 gram: /afs/cs.wisc.edu/u/y\cf1\highlight2 /k\cf0\highlight0 /ykim/private/cs354/p\cf1\highlight2 5/\cf0\highlight0 s2
\par 
\par Breakpoint 2, 0x56555775 in main ()
\par (g\cf1\highlight2 db\cf0\highlight0 ) break *main
\par Note: break\cf1\highlight2 po\cf0\highlight0 int 2 also set at pc \cf1\highlight2 0x\cf0\highlight0 56555775.
\par Breakpoint 5 at 0x56555775
\par (gdb) \cf1\highlight2 br\cf0\highlight0 eak *main+190
\par Note: break\cf1\highlight2 po\cf0\highlight0 int 3 a\cf1\highlight2 ls\cf0\highlight0 o set at pc\cf1\highlight2  0x5\cf0\highlight0 6555833.
\par Breakpoint 6 at 0x5655583\cf1\highlight2 3\cf0\highlight0 
\par (gdb) \cf1\highlight2 br\cf0\highlight0 eak *main+2\cf1\highlight2 32\cf0\highlight0 
\par Note: breakpoint 4 \cf1\highlight2 also\cf0\highlight0  set at pc 0x5655585d.
\par Breakpoint \cf1\highlight2 7 \cf0\highlight0 at 0x5655585d
\par (gdb) c
\par Co\cf1\highlight2 nt\cf0\highlight0 inuing.
\par 
\par \cf1\highlight2 Br\cf0\highlight0 eakpoint 3\cf1\highlight2 , \cf0\highlight0 0x56555833 in main ()
\par \cf1\highlight2 (g\cf0\highlight0 db) c
\par \cf1\highlight2 Co\cf0\highlight0 ntinuing.
\par \cf1\highlight2 inpu\cf0\highlight0 t 1 (of 5)? 11111
\par 
\par Breakpoint 4, \cf1\highlight2 0x\cf0\highlight0 5655585\cf1\highlight2 d \cf0\highlight0 in main ()\cf1\highlight2 
\par (gd\cf0\highlight0 b) print *(int*) ($edx)
\par $4 = 99496\cf1\highlight2 4\cf0\highlight0 
\par (gdb) \cf1\highlight2 Qu\cf0\highlight0 it
\par (gdb) s\cf1\highlight2 et\cf0\highlight0  $eax = 994964
\par (gdb) \cf1\highlight2 c
\par C\cf0\highlight0 ontinuing.
\par 
\par Breakpoint 1, 0x56555\cf1\highlight2 86\cf0\highlight0 b in main ()
\par (gdb) c
\par Con\cf1\highlight2 ti\cf0\highlight0 nuing.
\par 
\par B\cf1\highlight2 re\cf0\highlight0 akpoint 3, 0x56555833 i\cf1\highlight2 n \cf0\highlight0 main ()\cf1\highlight2 
\par \cf0\highlight0 (gdb) c
\par Co\cf1\highlight2 ntin\cf0\highlight0 uing.
\par input 2 (of 5)? 111111
\par 
\par Br\cf1\highlight2 ea\cf0\highlight0 kpoint \cf1\highlight2 4,\cf0\highlight0  0x5655585d\cf1\highlight2  in \cf0\highlight0 main ()
\par (gdb) print *(int*) ($edx)\cf1\highlight2 
\par \cf0\highlight0 $5 = 66\cf1\highlight2 37\cf0\highlight0 61
\par (gdb) s\cf1\highlight2 et\cf0\highlight0  $eax = 663761
\par (gdb) \cf1\highlight2 c
\par C\cf0\highlight0 ontinuing.
\par 
\par Breakpoint 1, 0x56555\cf1\highlight2 86\cf0\highlight0 b in main ()
\par (gdb) c
\par Con\cf1\highlight2 ti\cf0\highlight0 nuing.
\par 
\par B\cf1\highlight2 re\cf0\highlight0 akpoint 3, 0x56555833 i\cf1\highlight2 n \cf0\highlight0 main ()\cf1\highlight2 
\par \cf0\highlight0 (gdb) c
\par Co\cf1\highlight2 ntin\cf0\highlight0 uing.
\par input 3 (of 5)? 111111
\par 
\par Br\cf1\highlight2 ea\cf0\highlight0 kpoint \cf1\highlight2 4,\cf0\highlight0  0x5655585d\cf1\highlight2  in \cf0\highlight0 main ()
\par (gdb) print *(int*) ($edx)\cf1\highlight2 
\par \cf0\highlight0 $6 = 19\cf1\highlight2 78\cf0\highlight0 00
\par (gdb) s\cf1\highlight2 et\cf0\highlight0  $eax = 197800
\par (gdb)\cf1\highlight2  c
\par \cf0\highlight0 Continuing.
\par 
\par Breakpoint 1, 0x5655\cf1\highlight2 58\cf0\highlight0 6b in main ()
\par (gdb) c
\par Co\cf1\highlight2 nt\cf0\highlight0 inuing.
\par 
\par \cf1\highlight2 Br\cf0\highlight0 eakpoint 3, 0x56555833 in \cf1\highlight2 ma\cf0\highlight0 in ()
\par (gdb\cf1\highlight2 ) \cf0\highlight0 c
\par Continuing.
\par input 4\cf1\highlight2  (\cf0\highlight0 of 5)? \cf1\highlight2 11\cf0\highlight0 111
\par 
\par Brea\cf1\highlight2 kpoi\cf0\highlight0 nt 4, 0x5655585d in main ()
\par (gdb) \cf1\highlight2 pr\cf0\highlight0 int *(i\cf1\highlight2 nt\cf0\highlight0 *) ($edx)
\par \cf1\highlight2 $7 =\cf0\highlight0  358005
\par (gdb) print *(int*) ($edx)\cf1\highlight2 
\par \cf0\highlight0 $8 = 35\cf1\highlight2 80\cf0\highlight0 05
\par (gdb) s\cf1\highlight2 et\cf0\highlight0  $eax = 358005
\par (gdb) \cf1\highlight2 c
\par C\cf0\highlight0 ontinuing.
\par 
\par Breakpoint 1, 0x56555\cf1\highlight2 86\cf0\highlight0 b in main ()
\par (gdb) c
\par Con\cf1\highlight2 ti\cf0\highlight0 nuing.
\par 
\par B\cf1\highlight2 re\cf0\highlight0 akpoint 3, 0x56555833 \cf1\highlight2 in\cf0\highlight0  main (\cf1\highlight2 )\cf0\highlight0 
\par (gdb) c
\par C\cf1\highlight2 onti\cf0\highlight0 nuing.
\par input 5 (of 5)? 111111
\par 
\par B\cf1\highlight2 re\cf0\highlight0 akpoint\cf1\highlight2  4\cf0\highlight0 , 0x5655585\cf1\highlight2 d \cf0\highlight0 i\cf1\highlight2 n \cf0\highlight0 main ()
\par (gdb) print *(int*) ($edx)\cf1\highlight2 
\par \cf0\highlight0 $9 = 623815
\par (gdb) set $eax =623815\cf1\highlight2 
\par \cf0\highlight0 (gdb) c
\par Continuing.
\par 
\par Breakpoint \cf1\highlight2 1,\cf0\highlight0  0x5655586b in main ()
\par (gdb) c
\par Continuing\cf1\highlight2 .\cf0\highlight0 
\par c
\par !!!\cf1\highlight2 !!\cf0\highlight0 !!!!!!!!!!!!!!!!!!!!!!!!!!!!!\cf1\highlight2 !\cf0\highlight0 
\par !!!!!!!!!\cf1\highlight2 !!\cf0\highlight0  SAFE OPENED !!!!!!!!!!!\cf1\highlight2 
\par \cf0\highlight0 !!!!!!!!!!!!!!!!!!!!!!\cf1\highlight2 !!\cf0\highlight0 !!!!!!!!!!!
\par [Inferior\cf1\highlight2  1\cf0\highlight0  (process 8404) exited normally]
\par (gdb)\cf1\highlight2  c\cf0\highlight0 
\par The program is not being run.
\par (gdb) \cf1\highlight2 qu\cf0\highlight0 it
\par [ykim@royal-01] (15)$ s2
\par input 1 (\cf1\highlight2 of\cf0\highlight0  5)? 994965
\par input 2 (of \cf1\highlight2 5)\cf0\highlight0 ? 663762
\par **************************************\cf1\highlight2 *\cf0\highlight0 
\par *********** ALARM TRIGGERED ***********
\par *******\cf1\highlight2 **\cf0\highlight0 ******************************
\par [ykim@royal-01] (16)$ gdb
\par GNU gdb (Ubuntu 8.\cf1\highlight2 1-\cf0\highlight0 0ubuntu3) 8.1.0.20180409-git
\par Copyright (C) 2018 Free Software Fou\cf1\highlight2 nd\cf0\highlight0 ation, Inc.
\par License GPLv3+: GNU GPL version 3 or later <http://gnu.org/li\cf1\highlight2 ce\cf0\highlight0 nses/gpl.html>
\par This is free sof\cf1\highlight2 tw\cf0\highlight0 are: you are free to change and redistribute i\cf1\highlight2 t.\cf0\highlight0 
\par There is NO WARRANTY, to the extent permitted by l\cf1\highlight2 aw\cf0\highlight0 .  Type "show copying"
\par and "show warranty"\cf1\highlight2  f\cf0\highlight0 or details.
\par This GDB was configured as \cf1\highlight2 "x\cf0\highlight0 86_64-linux-gnu".
\par Type "show configuration" for configuration d\cf1\highlight2 et\cf0\highlight0 ails.
\par For bug reporting instructions, please see\cf1\highlight2 :\cf0\highlight0 
\par <http://www.gnu.org/s\cf1\highlight2 of\cf0\highlight0 tware/gdb/bugs/>.
\par Find the GDB manual and other documentatio\cf1\highlight2 n \cf0\highlight0 resources\cf1\highlight2  o\cf0\highlight0 nline at:
\par <http:\cf1\highlight2 //\cf0\highlight0 www.gnu.org/software/gdb/docu\cf1\highlight2 me\cf0\highlight0 ntation/>.
\par For help, type "help".
\par Ty\cf1\highlight2 pe\cf0\highlight0  "aprop\cf1\highlight2 os\cf0\highlight0  word" to search for command\cf1\highlight2 s \cf0\highlight0 related to "word".
\par (gdb) run
\par Starting program:\cf1\highlight2 
\par \cf0\highlight0 No executable file specified.
\par Use the "file" or \cf1\highlight2 "e\cf0\highlight0 xec-file" command.
\par (gdb) q
\par [ykim@royal-01] (17)$ gdb s2
\par GNU gdb (Ubuntu 8.\cf1\highlight2 1-\cf0\highlight0 0ubuntu3) 8.1.0.20180409-git
\par Copyright (C) 2018 Free Software Fou\cf1\highlight2 nd\cf0\highlight0 ation, Inc.
\par License GPLv3+: GNU GPL version 3 or later <http://gnu.org/li\cf1\highlight2 ce\cf0\highlight0 nses/gpl.html>
\par This is free sof\cf1\highlight2 tw\cf0\highlight0 are: you are free to change and redistribute i\cf1\highlight2 t.\cf0\highlight0 
\par There is NO WARRANTY, to the extent permitted by l\cf1\highlight2 aw\cf0\highlight0 .  Type "show copying"
\par and "show warranty"\cf1\highlight2  f\cf0\highlight0 or details.
\par This GDB was configured as \cf1\highlight2 "x\cf0\highlight0 86_64-linux-gnu".
\par Type "show configuration" for configuration d\cf1\highlight2 et\cf0\highlight0 ails.
\par For bug reporting instructions, please see\cf1\highlight2 :\cf0\highlight0 
\par <http://www.gnu.org/s\cf1\highlight2 of\cf0\highlight0 tware/gdb/bugs/>.
\par Find the GDB manual and other documentation \cf1\highlight2 re\cf0\highlight0 sources online at:
\par <http://www.gnu.org/software/gdb/documenta\cf1\highlight2 ti\cf0\highlight0 on/>.
\par Fo\cf1\highlight2 r \cf0\highlight0 help, type "help".
\par Type "apropos word" to search for commands re\cf1\highlight2 la\cf0\highlight0 ted to "word"...\cf1\highlight2 
\par R\cf0\highlight0 eading symbols from s2...(no debugging \cf1\highlight2 sy\cf0\highlight0 mbols found)...done.
\par (gdb) run
\par Starti\cf1\highlight2 ng\cf0\highlight0  program: /afs/cs.wisc.edu/u/y/k/ykim/p\cf1\highlight2 ri\cf0\highlight0 vate/cs354/p5/s2
\par input 1 (of 5)? q
\par **********\cf1\highlight2 **\cf0\highlight0 *************\cf1\highlight2 **\cf0\highlight0 ************
\par *********** \cf1\highlight2 AL\cf0\highlight0 ARM TRIGGERED ***\cf1\highlight2 **\cf0\highlight0 ******
\par **********\cf1\highlight2 **\cf0\highlight0 **********************\cf1\highlight2 **\cf0\highlight0 ***
\par [Inferior 1 (process 8581) exited wi\cf1\highlight2 th\cf0\highlight0  code 01]
\par (gdb) b *main
\par Breakpoint 1 at 0x5\cf1\highlight2 65\cf0\highlight0 55775
\par (gdb) disassemble
\par No frame selected.
\par (\cf1\highlight2 gd\cf0\highlight0 b) disassemble main
\par Dump of assembler co\cf1\highlight2 de\cf0\highlight0  for function main:
\par    0x56555775 \cf1\highlight2 <+\cf0\highlight0 0>:     lea    0x4(%esp),%ecx
\par    0x5655\cf1\highlight2 57\cf0\highlight0 79 <+4>:     and    $0xfffffff0,%es\cf1\highlight2 p\cf0\highlight0 
\par    0x5655577c <+7>:     pushl  -0x\cf1\highlight2 4(\cf0\highlight0 %ecx)
\par    0x5655577f <+10>:    push\cf1\highlight2   \cf0\highlight0  %ebp
\par    0x56555780 <+11>:    mov \cf1\highlight2   \cf0\highlight0  %esp,%ebp
\par    0x56555782 <+13>:    push  \cf1\highlight2  %\cf0\highlight0 edi
\par    0x56555783 <+14>:    push   %esi
\par    0x56555784 <+15>:   \cf1\highlight2  p\cf0\highlight0 ush   %ebx
\par    0x56555785 <+16>:    push   \cf1\highlight2 %e\cf0\highlight0 cx
\par    0x56555786 <+17>:    sub    $0x228,\cf1\highlight2 %e\cf0\highlight0 sp
\par    0x5655578c <+23>:    call   0x565555f0\cf1\highlight2  <\cf0\highlight0 __x86.get_pc_thunk.bx>
\par    0x56555791 <+28>:\cf1\highlight2   \cf0\highlight0   add    $0x1827,%ebx
\par    0x56555797 <+34>:    \cf1\highlight2 mo\cf0\highlight0 v    (%ecx),%eax
\par    0x56555799 <+36>:  \cf1\highlight2   \cf0\highlight0 mov    0x4(%ecx),%edx
\par    0x5655579c <+3\cf1\highlight2 9>\cf0\highlight0 :    mov    %gs:0x14,%ecx
\par    0x565557a3 <+46>:    m\cf1\highlight2 ov\cf0\highlight0     %ecx,-0x1c(%ebp)
\par    0x565557a6 <+49>:    \cf1\highlight2 xo\cf0\highlight0 r    %ecx,%ecx
\par    0x565557a8 <+51>:    cm\cf1\highlight2 p \cf0\highlight0    $0x2,%eax
\par    0x565557ab <+54>:    je\cf1\highlight2   \cf0\highlight0    0x565557e0 <main+107>
\par    0x565557ad <+56>:\cf1\highlight2   \cf0\highlight0   mov    0x3c(%ebx),%eax
\par    0x565557b3 <+62>:  \cf1\highlight2   \cf0\highlight0 mov    (%eax),%edi
\par    0x565557b5 <+64>:    mo\cf1\highlight2 v \cf0\highlight0    $0x1,%esi
\par    0x565557ba <+69>:    lea    0x6\cf1\highlight2 0(\cf0\highlight0 %ebx),%eax
\par    0x565557c0 <+75>:    mov    %eax,-\cf1\highlight2 0x\cf0\highlight0 22c(%ebp)
\par    0x565557c6 <+81>:    mov    0x3c(%\cf1\highlight2 eb\cf0\highlight0 x),%eax
\par    0x565557cc <+87>:    mov    %eax,-0x230(\cf1\highlight2 %e\cf0\highlight0 bp)
\par    0x565557d2 <+93>:    lea    -0x1\cf1\highlight2 5d\cf0\highlight0 e(%ebx),%eax
\par    0x565557d8 <+99>:    mov    %eax\cf1\highlight2 ,-\cf0\highlight0 0x234(%ebp)
\par    0x565557de <+105>: \cf1\highlight2   \cf0\highlight0 jmp    0x56555819 <main+164>
\par    0x56555\cf1\highlight2 7e\cf0\highlight0 0 <+107>:   sub    $0x8,%esp
\par    0x565557e3 <+110>:  \cf1\highlight2  l\cf0\highlight0 ea    -0x15e0(%ebx),%eax
\par    0x565557e9 \cf1\highlight2 <+\cf0\highlight0 116>:   push   %eax
\par    0x565557ea <+117>\cf1\highlight2 : \cf0\highlight0   pushl  0x4(%edx)
\par    0x565557ed <+120>:   call   \cf1\highlight2 0x\cf0\highlight0 56555570 <fopen@plt>
\par    0x565557f2 <+12\cf1\highlight2 5>\cf0\highlight0 :   mov    %eax,%edi
\par    0x565557f4\cf1\highlight2  <\cf0\highlight0 +127>:   add    $0x10,%esp
\par    0x565557f7 <\cf1\highlight2 +1\cf0\highlight0 30>:   jmp    0x565557b5 <main+64>\cf1\highlight2 
\par  \cf0\highlight0   0x565557f9 <+132>:   sub    $0x4,%esp
\par    0x565557fc\cf1\highlight2  <\cf0\highlight0 +135>:   push   %esi
\par    0x565557fd <+136>:   pushl  -0x234(\cf1\highlight2 %e\cf0\highlight0 bp)
\par    0x56555803 <+142>:   push   $0x1\cf1\highlight2 
\par -\cf0\highlight0 --Type <return> to continue, or q <return> to quit--\cf1\highlight2 -\cf0\highlight0 
\par    0x56555805 <+144>:   call   0x56555580 <__pr\cf1\highlight2 in\cf0\highlight0 tf_chk@plt>
\par    0x5655580a <+149>:   add\cf1\highlight2   \cf0\highlight0   $0x10,%esp
\par    0x5655580d <+152>:   jmp    0x56555\cf1\highlight2 82\cf0\highlight0 3 <main+174>
\par    0x5655580f <+154>:   call   0x5\cf1\highlight2 65\cf0\highlight0 556ed <fail>
\par    0x56555814 <+159>:   cmp \cf1\highlight2   \cf0\highlight0  $0x5,%esi
\par    0x56555817 <+162>:   jg     0x5655587\cf1\highlight2 0 \cf0\highlight0 <main+251>
\par    0x56555819 <+164>:   mov \cf1\highlight2   \cf0\highlight0  -0x230(%ebp),%eax
\par    0x5655581f <\cf1\highlight2 +1\cf0\highlight0 70>:   cmp    %edi,(%eax)
\par    0x56555\cf1\highlight2 82\cf0\highlight0 1 <+172>:   je     0x565557f9 <main+132>
\par    0x5\cf1\highlight2 65\cf0\highlight0 55823 <+174>:   sub    $0x4,%esp
\par  \cf1\highlight2   \cf0\highlight0 0x56555826 <+177>:   push   %edi
\par    0x56555827 <+178\cf1\highlight2 >:\cf0\highlight0    push   $0x200
\par    0x5655582c <+183>:  \cf1\highlight2  l\cf0\highlight0 ea    -0x21c(%ebp),%eax
\par    0x56555832 <\cf1\highlight2 +1\cf0\highlight0 89>:   push   %eax
\par    0x56555833 <+190>:   call   0\cf1\highlight2 x5\cf0\highlight0 6555510 <fgets@plt>
\par    0x56555838 <+195\cf1\highlight2 >:\cf0\highlight0    add    $0x10,%esp
\par    0x5655583b\cf1\highlight2  <\cf0\highlight0 +198>:   test   %eax,%eax
\par    0x565\cf1\highlight2 55\cf0\highlight0 83d <+200>:   je     0x56555814 <main+159>
\par    0\cf1\highlight2 x5\cf0\highlight0 655583f <+202>:   sub    $0x4,%esp\cf1\highlight2 
\par  \cf0\highlight0   0x56555842 <+205>:   push   $0xa
\par    0x56555844 <+20\cf1\highlight2 7>\cf0\highlight0 :   push   $0x0
\par    0x56555846 <+209>:  \cf1\highlight2  l\cf0\highlight0 ea    -0x21c(%ebp),%eax
\par    0x5655584c <+\cf1\highlight2 21\cf0\highlight0 5>:   push   %eax
\par    0x5655584d <+216>:   call \cf1\highlight2   \cf0\highlight0 0x56555590 <strtol@plt>
\par    0x56555852 <+2\cf1\highlight2 21\cf0\highlight0 >:   sub    %esi,%eax
\par    0x56555854 <+223>:   add  \cf1\highlight2   \cf0\highlight0 $0x10,%esp
\par    0x56555857 <+226>:   mov    -0x22\cf1\highlight2 c(\cf0\highlight0 %ebp),%edx
\par    0x5655585d <+232>:   cmp \cf1\highlight2   \cf0\highlight0  %eax,(%edx)
\par    0x5655585f <+234>:   jn\cf1\highlight2 e \cf0\highlight0    0x5655580f <main+154>
\par    0x56555861 <+236>:   su\cf1\highlight2 bl\cf0\highlight0    $0x4,-0x22c(%ebp)
\par    0x56555868 <+243>:   add  \cf1\highlight2   \cf0\highlight0 $0x1,%esi
\par    0x5655586b <+246>:   cmp  \cf1\highlight2   \cf0\highlight0 $0x5,%esi
\par    0x5655586e <+249>:   jle    0x565\cf1\highlight2 55\cf0\highlight0 819 <main+164>
\par    0x56555870 <+251>:   call\cf1\highlight2   \cf0\highlight0  0x56555734 <success>
\par    0x56555875 <+256>:   mov  \cf1\highlight2   \cf0\highlight0 $0x0,%eax
\par    0x5655587a <+261>:   mov    -0x1c\cf1\highlight2 (%\cf0\highlight0 ebp),%ecx
\par    0x5655587d <+264>:   \cf1\highlight2 xo\cf0\highlight0 r    %gs:0x14,%ecx
\par    0x56555884 <\cf1\highlight2 +2\cf0\highlight0 71>:   jne    0x56555892 <main+285>\cf1\highlight2 
\par \cf0\highlight0    0x56555886 <+273>:   lea    -0x10(%ebp),%esp
\par    0x\cf1\highlight2 56\cf0\highlight0 555889 <+276>:   pop    %ecx
\par    0x\cf1\highlight2 56\cf0\highlight0 55588a <+277>:   pop    %ebx
\par    0x\cf1\highlight2 56\cf0\highlight0 55588b <+278>:   pop    %esi
\par ---Type <return>\cf1\highlight2  t\cf0\highlight0 o continue, or q <return> t\cf1\highlight2 o \cf0\highlight0 quit---
\par    0x5655588c <+279>:   pop    %edi
\par    0x5655588d <+280>\cf1\highlight2 : \cf0\highlight0   pop    %ebp
\par    0x56\cf1\highlight2 55\cf0\highlight0 588e <+281>:   le\cf1\highlight2 a \cf0\highlight0    -0x4(%ecx),%esp
\par    0x5\cf1\highlight2 65\cf0\highlight0 55891 <+284>:   r\cf1\highlight2 et\cf0\highlight0 
\par    0x56555892 <+285>:   \cf1\highlight2 ca\cf0\highlight0 ll   0x56\cf1\highlight2 55\cf0\highlight0 5910 <__stack_chk_fail_local>
\par End of assembler dump.
\par (gdb) b *m\cf1\highlight2 ain+\cf0\highlight0 190
\par Breakpoint 2 at 0x56555833
\par (g\cf1\highlight2 db\cf0\highlight0 ) b *ma\cf1\highlight2 in\cf0\highlight0 +232
\par Break\cf1\highlight2 poin\cf0\highlight0 t 3 at 0x5655585d
\par (gdb) run
\par Start\cf1\highlight2 in\cf0\highlight0 g progr\cf1\highlight2 am\cf0\highlight0 : /afs/cs.w\cf1\highlight2 is\cf0\highlight0 c.edu/u/y/k/ykim/priva\cf1\highlight2 te/c\cf0\highlight0 s354/p5/s2
\par 
\par Breakpoint 1, 0x56555\cf1\highlight2 77\cf0\highlight0 5 in main ()
\par (gdb) \cf1\highlight2 c\cf0\highlight0 
\par Continuing.
\par 
\par Breakpoint 2, \cf1\highlight2 0x\cf0\highlight0 56555833 in main ()
\par (gdb\cf1\highlight2 ) \cf0\highlight0 c
\par Continuing.
\par input 1 (of 5)? 994965
\par 
\par \cf1\highlight2 Br\cf0\highlight0 eakpoint 3, 0x5655585d in main ()
\par (gdb) i\cf1\highlight2 nf\cf0\highlight0 o registers
\par eax            0xf2e94  99496\cf1\highlight2 4\cf0\highlight0 
\par ecx            0x0      0
\par edx           \cf1\highlight2  0\cf0\highlight0 x56557018       144843983\cf1\highlight2 2\cf0\highlight0 
\par ebx            0x56556fb8       144843973\cf1\highlight2 6\cf0\highlight0 
\par esp            0xffffd810       0xffffd810
\par ebp     \cf1\highlight2   \cf0\highlight0      0xffffda48       0xffffda48\cf1\highlight2 
\par e\cf0\highlight0 si            0x1      1
\par \cf1\highlight2 ed\cf0\highlight0 i            0xf7fa75c0   \cf1\highlight2   \cf0\highlight0   -134580800
\par eip         \cf1\highlight2   \cf0\highlight0  0x5655585d       0x565558\cf1\highlight2 5d\cf0\highlight0  <main+232>
\par eflags      \cf1\highlight2   \cf0\highlight0  0x282    [ SF IF ]
\par cs   \cf1\highlight2   \cf0\highlight0        \cf1\highlight2  0\cf0\highlight0 x23     35\cf1\highlight2 
\par ss \cf0\highlight0             0x2b     43
\par ds        \cf1\highlight2   \cf0\highlight0    0x2b\cf1\highlight2   \cf0\highlight0    43
\par es  \cf1\highlight2   \cf0\highlight0          0x2b     43\cf1\highlight2 
\par fs \cf0\highlight0             0x0      0
\par gs         \cf1\highlight2   \cf0\highlight0   0x63     99
\par (gdb) c
\par Co\cf1\highlight2 nt\cf0\highlight0 inuing.
\par 
\par \cf1\highlight2 Br\cf0\highlight0 eakpoint 2, 0x565558\cf1\highlight2 33\cf0\highlight0  in main ()
\par (gdb) c
\par Continu\cf1\highlight2 in\cf0\highlight0 g.
\par input 2 (of 5)? 11111\cf1\highlight2 
\par \cf0\highlight0 
\par Breakpoint 3, 0x5655585d in main ()
\par (gd\cf1\highlight2 b)\cf0\highlight0  print *(int*) ($edx)
\par $1 = 663761
\par (gdb) \cf1\highlight2 in\cf0\highlight0 fo registers
\par eax            0x2b65   1110\cf1\highlight2 9\cf0\highlight0 
\par ecx            0x0      0
\par edx           \cf1\highlight2  0\cf0\highlight0 x56557014       144843982\cf1\highlight2 8\cf0\highlight0 
\par ebx            0x56556fb8       144843973\cf1\highlight2 6\cf0\highlight0 
\par esp            0xffffd810       0xffffd810
\par ebp     \cf1\highlight2   \cf0\highlight0      0xffffda48       0xffffda48\cf1\highlight2 
\par e\cf0\highlight0 si            0x2      2
\par \cf1\highlight2 ed\cf0\highlight0 i            0xf7fa75c0   \cf1\highlight2   \cf0\highlight0   -134580800
\par eip         \cf1\highlight2   \cf0\highlight0  0x5655585d       0x565558\cf1\highlight2 5d\cf0\highlight0  <main+232>
\par eflags      \cf1\highlight2   \cf0\highlight0  0x282    [ SF IF ]
\par cs   \cf1\highlight2   \cf0\highlight0         0x23     35
\par ss\cf1\highlight2   \cf0\highlight0        \cf1\highlight2   \cf0\highlight0   0x2b     \cf1\highlight2 43
\par \cf0\highlight0 ds             0x2b     43
\par es     \cf1\highlight2   \cf0\highlight0       0\cf1\highlight2 x2\cf0\highlight0 b     43
\par f\cf1\highlight2 s \cf0\highlight0             0x0      \cf1\highlight2 0
\par g\cf0\highlight0 s             0x63     99
\par (gdb) se\cf1\highlight2 t \cf0\highlight0 $eax = 663761
\par (gdb)\cf1\highlight2  c\cf0\highlight0 
\par Continuing.
\par 
\par Breakpoint 2\cf1\highlight2 , \cf0\highlight0 0x56555833 in main ()
\par (g\cf1\highlight2 db\cf0\highlight0 ) c
\par Continuing.
\par input 3 (of 5)? 11111
\par \cf1\highlight2 
\par B\cf0\highlight0 reakpoint 3, 0x5655585d in main ()
\par (gdb) \cf1\highlight2 in\cf0\highlight0 fo registers
\par eax            0x2b64   1110\cf1\highlight2 8\cf0\highlight0 
\par ecx            0x0      0
\par edx           \cf1\highlight2  0\cf0\highlight0 x56557010       144843982\cf1\highlight2 4\cf0\highlight0 
\par ebx            0x56556fb8       144843973\cf1\highlight2 6\cf0\highlight0 
\par esp            0xffffd810       0xffffd810
\par ebp     \cf1\highlight2   \cf0\highlight0      0xffffda48       0xffffda48\cf1\highlight2 
\par e\cf0\highlight0 si            0x3      3
\par \cf1\highlight2 ed\cf0\highlight0 i            0xf7fa75c0   \cf1\highlight2   \cf0\highlight0   -134580800
\par eip         \cf1\highlight2   \cf0\highlight0  0x5655585d       0x565558\cf1\highlight2 5d\cf0\highlight0  <main+232>
\par eflags      \cf1\highlight2   \cf0\highlight0  0x282    [ SF IF ]
\par cs   \cf1\highlight2   \cf0\highlight0         0x23     35
\par ss   \cf1\highlight2   \cf0\highlight0         0x2\cf1\highlight2 b \cf0\highlight0     43
\par ds             \cf1\highlight2 0x\cf0\highlight0 2b     \cf1\highlight2 43\cf0\highlight0 
\par es       \cf1\highlight2     \cf0\highlight0   0x2b     43
\par fs             0x0  \cf1\highlight2   \cf0\highlight0   0
\par gs\cf1\highlight2   \cf0\highlight0            \cf1\highlight2 0x\cf0\highlight0 63     99
\par (gdb) prin\cf1\highlight2 t *(\cf0\highlight0 int*) ($edx)
\par $2 = 197800
\par (gdb) se\cf1\highlight2 t \cf0\highlight0 $eax = 197800
\par (gdb)\cf1\highlight2  c\cf0\highlight0 
\par Continuing.
\par 
\par Breakpoint 2\cf1\highlight2 , \cf0\highlight0 0x56555833 in main ()
\par (g\cf1\highlight2 db\cf0\highlight0 ) c
\par Continuing.
\par input 4 (of 5)? 11111
\par \cf1\highlight2 
\par B\cf0\highlight0 reakpoint 3, 0x5655585d in main ()
\par (gdb) \cf1\highlight2 in\cf0\highlight0 fo registers
\par eax            0x2b63   1110\cf1\highlight2 7\cf0\highlight0 
\par ecx            0x0      0
\par edx           \cf1\highlight2  0\cf0\highlight0 x5655700c       144843982\cf1\highlight2 0\cf0\highlight0 
\par ebx            0x56556fb8       144843973\cf1\highlight2 6\cf0\highlight0 
\par esp            0xffffd810       0xffffd810
\par ebp     \cf1\highlight2   \cf0\highlight0      0xffffda48       0xffffda48\cf1\highlight2 
\par e\cf0\highlight0 si            0x4      4
\par \cf1\highlight2 ed\cf0\highlight0 i            0xf7fa75c0   \cf1\highlight2   \cf0\highlight0   -134580800
\par eip         \cf1\highlight2   \cf0\highlight0  0x5655585d       0x565558\cf1\highlight2 5d\cf0\highlight0  <main+232>
\par eflags      \cf1\highlight2   \cf0\highlight0  0x282    [ SF IF ]
\par cs   \cf1\highlight2   \cf0\highlight0         0x23     35
\par ss   \cf1\highlight2   \cf0\highlight0         0x2\cf1\highlight2 b \cf0\highlight0     43
\par ds             \cf1\highlight2 0x\cf0\highlight0 2b     \cf1\highlight2 43\cf0\highlight0 
\par es       \cf1\highlight2     \cf0\highlight0   0x2b     43
\par fs             0x0  \cf1\highlight2   \cf0\highlight0   0
\par gs\cf1\highlight2   \cf0\highlight0            \cf1\highlight2 0x\cf0\highlight0 63     99
\par (gdb) prin\cf1\highlight2 t *(\cf0\highlight0 int*) ($edx)
\par $3 = 358005
\par (gdb) se\cf1\highlight2 t \cf0\highlight0 $eax = 358005
\par (gdb)\cf1\highlight2  c\cf0\highlight0 
\par Continuing.
\par 
\par Breakpoint 2\cf1\highlight2 , \cf0\highlight0 0x56555833 in main ()
\par (g\cf1\highlight2 db\cf0\highlight0 ) c
\par Continuing.
\par input 5 (of 5)? 11111
\par \cf1\highlight2 
\par B\cf0\highlight0 reakpoint 3, 0x5655585d in main ()
\par (gdb) \cf1\highlight2 in\cf0\highlight0 fo registers
\par eax            0x2b62   1110\cf1\highlight2 6\cf0\highlight0 
\par ecx            0x0      0
\par edx           \cf1\highlight2  0\cf0\highlight0 x56557008       144843981\cf1\highlight2 6\cf0\highlight0 
\par ebx            0x56556fb8       144843973\cf1\highlight2 6\cf0\highlight0 
\par esp            0xffffd810       0xffffd810
\par ebp     \cf1\highlight2   \cf0\highlight0      0xffffda48       0xffffda48\cf1\highlight2 
\par e\cf0\highlight0 si            0x5      5
\par \cf1\highlight2 ed\cf0\highlight0 i            0xf7fa75c0   \cf1\highlight2   \cf0\highlight0   -134580800
\par eip         \cf1\highlight2   \cf0\highlight0  0x5655585d       0x565558\cf1\highlight2 5d\cf0\highlight0  <main+232>
\par eflags      \cf1\highlight2   \cf0\highlight0  0x282    [ SF IF ]
\par cs   \cf1\highlight2   \cf0\highlight0         0x23     35
\par ss   \cf1\highlight2   \cf0\highlight0         0x2\cf1\highlight2 b \cf0\highlight0     43
\par ds            \cf1\highlight2  0\cf0\highlight0 x2b    \cf1\highlight2  4\cf0\highlight0 3
\par es      \cf1\highlight2   \cf0\highlight0  \cf1\highlight2   \cf0\highlight0   0x2b     43
\par fs             0x0  \cf1\highlight2   \cf0\highlight0   0
\par gs             0x63     99
\par (g\cf1\highlight2 db\cf0\highlight0 ) print *(int*) ($edx)
\par $4 = 623815\cf1\highlight2 
\par \cf0\highlight0 (gdb) set $eax =623815
\par (gdb) c
\par Continuing\cf1\highlight2 .\cf0\highlight0 
\par c
\par !!!\cf1\highlight2 !!\cf0\highlight0 !!!!!!!!!!!!!!!!!!!!!!!!!!!!!\cf1\highlight2 !\cf0\highlight0 
\par !!!!!!!!!\cf1\highlight2 !!\cf0\highlight0  SAFE OPENED !!!!!!!!!!!\cf1\highlight2 
\par \cf0\highlight0 !!!!!!!!!!!!!!!!!!!!!!\cf1\highlight2 !!\cf0\highlight0 !!!!!!!!!!!
\par [Inferior\cf1\highlight2  1\cf0\highlight0  (process 8666) exited\cf1\highlight2  n\cf0\highlight0 ormally]
\par (gdb) c
\par The\cf1\highlight2  p\cf0\highlight0 rogram is not being ru\cf1\highlight2 n.\cf0\highlight0 
\par (gdb) quit
\par [ykim@royal-01] (18)$\cf1\highlight2  s\cf0\highlight0 2
\par input 1 (of 5)? 994965
\par input 2 \cf1\highlight2 (o\cf0\highlight0 f 5)? 663763
\par input 3 (of 5)? 19780\cf1\highlight2 3\cf0\highlight0 
\par input 4 (of 5)? 358009
\par input 5 (of \cf1\highlight2 5)\cf0\highlight0 ? 623820
\par !!!!!!!!!!!!!!!!!!!!!!!!!!!!!!\cf1\highlight2 !!\cf0\highlight0 !!!
\par !!!!!!!!!!! SAFE OPENED !!!!!!!!!!!
\par !!!!!!!!!!!!!!!!!!!!!!!!!!!!!!!!!!!
\par [ykim@royal-01] (19)$ vim s2.solution
\par [yk\cf1\highlight2 im\cf0\highlight0 @royal-01] (20)$ ./s1 < s1.solution\cf1\highlight2 
\par \cf0\highlight0 input 1 (of 5)? input 2 (of 5)? inp\cf1\highlight2 ut\cf0\highlight0  3 (of 5)? input 4 (of 5)? input 5 (of 5\cf1\highlight2 )?\cf0\highlight0  !!      !!!!!!!!!!!!!!!!!!!!!!!!!!!!!!!!!
\par !!!!!!!!!!! SAFE OPENED !!!!!!!!!!!
\par !!!!!!!!!!!!!!!!!!!!!!!!!!!!!!!!!!\cf1\highlight2 !\cf0\highlight0 
\par [ykim@royal-01] (21)$ ./s2 < s2.so\cf1\highlight2 lu\cf0\highlight0 tion
\par input 1 (of 5)? input 2 (of 5\cf1\highlight2 )?\cf0\highlight0  input 3 (of 5)? input 4 (of 5)? inpu\cf1\highlight2 t \cf0\highlight0 5 (of 5)? !!!!!!!!!!!!!!!!!!!!!!!!!!!!!!\cf1\highlight2 !!\cf0\highlight0 !!!
\par !!!!!!!!!!! SAFE OPENED !!!!!!!!!!!
\par !!!!!!!!!!!!!!!!!!!!!!!!!!!!!!!!!!!
\par [ykim@royal-01] (22)$ vim s1.solutio\cf1\highlight2 n\cf0\highlight0 
\par [ykim@royal-01] (23)$ ./s1 < s1.so\cf1\highlight2 lu\cf0\highlight0 tion
\par input 1 (of 5)? input 2 (of 5\cf1\highlight2 )?\cf0\highlight0  input 3 (of 5)? input 4 (of 5)? inpu\cf1\highlight2 t \cf0\highlight0 5 (of 5)? !!!!!!!!!!!!!!!!!!!!!!!!!!!\cf1\highlight2 !!\cf0\highlight0 !!!!!!
\par !!!!!!!!!!! SAFE OPENED !!!!!!!!\cf1\highlight2 !!\cf0\highlight0 !
\par !!!!!!!!!!!!!!!!!!!!!!!!!!!!!!!!!!!
\par [ykim@royal-01] (24)$ vim s1.solution
\par [ykim@royal-01] (25)$ vim s3.solutio\cf1\highlight2 n\cf0\highlight0 
\par [ykim@royal-01] (26)$ ./s3 < s3.so\cf1\highlight2 lu\cf0\highlight0 tion
\par input 1 (of 5)? input 2 (of 5\cf1\highlight2 )?\cf0\highlight0  input 3 (of 5)? input 4 (of\cf1\highlight2  5\cf0\highlight0 )? input 5 (of 5)? !!!!!!!!!!!!!!!!!!!!!!!!!!!!!\cf1\highlight2 !!\cf0\highlight0 !!!!
\par !!!!!!!!!!! SAFE OPENED !!!!!!!!!!!
\par !!!!!!\cf1\highlight2 !!\cf0\highlight0 !!!!!!!!!!!!!!!!!!!!!!!!!!!
\par [ykim@royal-01] (27)$ gdb s4
\par GNU gdb (Ubuntu 8.\cf1\highlight2 1-\cf0\highlight0 0ubuntu3) 8.1.0.20180409-git
\par Copyright (C) 2018 Free Software Fou\cf1\highlight2 nd\cf0\highlight0 ation, Inc.
\par License GPLv3+: GNU GPL version 3 or later <http://gnu.org/li\cf1\highlight2 ce\cf0\highlight0 nses/gpl.html>
\par This is free sof\cf1\highlight2 tw\cf0\highlight0 are: you are free to change and redistribute i\cf1\highlight2 t.\cf0\highlight0 
\par There is NO WARRANTY, to the extent permitted by l\cf1\highlight2 aw\cf0\highlight0 .  Type "show copying"
\par and "show warranty"\cf1\highlight2  f\cf0\highlight0 or details.
\par This GDB was configured as \cf1\highlight2 "x\cf0\highlight0 86_64-linux-gnu".
\par Type "show configuration" for configuration d\cf1\highlight2 et\cf0\highlight0 ails.
\par For bug reporting instructions, please see\cf1\highlight2 :\cf0\highlight0 
\par <http://www.gnu.org/s\cf1\highlight2 of\cf0\highlight0 tware/gdb/bugs/>.
\par Find the GDB manual and other documentation \cf1\highlight2 re\cf0\highlight0 sources online at:
\par <http://www.gnu.org/software/gdb/documenta\cf1\highlight2 ti\cf0\highlight0 on/>.
\par F\cf1\highlight2 or\cf0\highlight0  help, type "help".
\par Type "apropos wo\cf1\highlight2 rd\cf0\highlight0 " to searc\cf1\highlight2 h \cf0\highlight0 for commands related to \cf1\highlight2 "w\cf3\highlight0 or\cf0 d"...
\par Reading s\cf3 ym\cf0 bols from s4...(\cf3 no\cf0  debugging symbo\cf3 ls\cf0  \cf1\highlight2 fo\cf0\highlight0 und)...done.
\par (gdb) ls
\par Unde\cf1\highlight2 fi\cf0\highlight0 ned command: "ls".  Try "help".
\par (gdb) quit
\par [yk\cf1\highlight2 im\cf0\highlight0 @royal-01] (28)$ ls
\par s1*  s1.solution  s2*  s2.so\cf1\highlight2 lu\cf0\highlight0 tion  s3*  s3.solution  s4*
\par [ykim@royal-01] (29)$ gdb s4
\par GNU gdb (Ubuntu 8.\cf1\highlight2 1-\cf0\highlight0 0ubuntu3) 8.1.0.20180409-git
\par Copyright (C) 2018 Free Software Fou\cf1\highlight2 nd\cf0\highlight0 ation, Inc.
\par License GPLv3+: GNU GPL version 3 or later <http://gnu.org/li\cf1\highlight2 ce\cf0\highlight0 nses/gpl.html>
\par This is free sof\cf1\highlight2 tw\cf0\highlight0 are: you are free to change and redistribute i\cf1\highlight2 t.\cf0\highlight0 
\par There is NO WARRANTY, to the extent permitted by l\cf1\highlight2 aw\cf0\highlight0 .  Type "show copying"
\par and "show warranty"\cf1\highlight2  f\cf0\highlight0 or details.
\par This GDB was configured as \cf1\highlight2 "x\cf0\highlight0 86_64-linux-gnu".
\par Type "show configuration" for configuration d\cf1\highlight2 et\cf0\highlight0 ails.
\par For bug reporting instructions, please see\cf1\highlight2 :\cf0\highlight0 
\par <http://www.gnu.org/s\cf1\highlight2 of\cf0\highlight0 tware/gdb/bugs/>.
\par Find the GDB manual and other documentation \cf1\highlight2 re\cf0\highlight0 sources online at:
\par <http://www.gnu.org/software/gdb/documenta\cf1\highlight2 ti\cf0\highlight0 on/>.
\par For help, \cf1\highlight2 ty\cf0\highlight0 pe "help".
\par Type "apr\cf1\highlight2 op\cf0\highlight0 os word" to search for\cf1\highlight2  c\cf0\highlight0 ommands related to "word"...
\par Reading sym\cf1\highlight2 bo\cf0\highlight0 ls from s4...(no debugging symbols found)...d\cf1\highlight2 on\cf0\highlight0 e.
\par (gdb) break *main
\par Breakpoint 1 at 0x944
\par (\cf1\highlight2 gd\cf0\highlight0 b) disassemble main
\par Dump of assembler co\cf1\highlight2 de\cf0\highlight0  for function main:
\par    0x00000944 \cf1\highlight2 <+\cf0\highlight0 0>:     lea    0x4(%esp),%ecx
\par    0x0000\cf1\highlight2 09\cf0\highlight0 48 <+4>:     and    $0xfffffff0,%es\cf1\highlight2 p\cf0\highlight0 
\par    0x0000094b <+7>:     pushl  -0x\cf1\highlight2 4(\cf0\highlight0 %ecx)
\par    0x0000094e <+10>:    push\cf1\highlight2   \cf0\highlight0  %ebp
\par    0x0000094f <+11>:    mov \cf1\highlight2   \cf0\highlight0  %esp,%ebp
\par    0x00000951 <+13>:    push  \cf1\highlight2  %\cf0\highlight0 edi
\par    0x00000952 <+14>:    push   %esi
\par    0x00000953 <+15\cf1\highlight2 >:\cf0\highlight0     push   %ebx
\par    0x00000954 <+16>:    pu\cf1\highlight2 sh\cf0\highlight0    %ecx
\par    0x00000955 <+17>:    sub    $0\cf1\highlight2 x2\cf0\highlight0 28,%esp
\par    0x0000095b <+23>:    call   0x690\cf1\highlight2  <\cf0\highlight0 __x86.get_pc_thunk.bx>
\par    0x00000960 <+28>:\cf1\highlight2   \cf0\highlight0   add    $0x264c,%ebx
\par    0x00000966 <+34>:    \cf1\highlight2 mo\cf0\highlight0 v    (%ecx),%eax
\par    0x00000968 <+36>:  \cf1\highlight2   \cf0\highlight0 mov    0x4(%ecx),%edx
\par    0x0000096b <+3\cf1\highlight2 9>\cf0\highlight0 :    mov    %gs:0x14,%ecx
\par    0x00000972 <+46>:\cf1\highlight2   \cf0\highlight0   mov    %ecx,-0x1c(%ebp)
\par    0x00000975 <+49>\cf1\highlight2 : \cf0\highlight0    xor    %ecx,%ecx
\par    0x00000977 <+51>: \cf1\highlight2   \cf0\highlight0  cmp    $0x2,%eax
\par    0x0000097a <+54>: \cf1\highlight2   \cf0\highlight0  je     0x9fa <main+182>
\par    0x0000097c <\cf1\highlight2 +5\cf0\highlight0 6>:    mov    0x48(%ebx),%eax
\par    0x00000982 <\cf1\highlight2 +6\cf0\highlight0 2>:    mov    (%eax),%edi
\par    0x00000984\cf1\highlight2  <\cf0\highlight0 +64>:    sub    $0xc,%esp
\par    0x00000987 \cf1\highlight2 <+\cf0\highlight0 67>:    pushl  0x64(%ebx)
\par    0x0000098d <+73>\cf1\highlight2 : \cf0\highlight0    call   0x815 <insert1>
\par    0x00000992\cf1\highlight2  <\cf0\highlight0 +78>:    add    $0x4,%esp
\par    0x00000995 \cf1\highlight2 <+\cf0\highlight0 81>:    pushl  0x6c(%ebx)
\par    0x0000099b <+87>\cf1\highlight2 : \cf0\highlight0    call   0x868 <insert2>
\par    0x000009a0\cf1\highlight2  <\cf0\highlight0 +92>:    add    $0x4,%esp
\par    0x000009a3 \cf1\highlight2 <+\cf0\highlight0 95>:    pushl  0x68(%ebx)
\par    0x000009a9 <+101\cf1\highlight2 >:\cf0\highlight0    call   0x868 <insert2>
\par    0x000009ae\cf1\highlight2  <\cf0\highlight0 +106>:   add    $0x4,%esp
\par    0x000009b1 \cf1\highlight2 <+\cf0\highlight0 109>:   pushl  0x5c(%ebx)
\par    0x000009b7 <+115\cf1\highlight2 >:\cf0\highlight0    call   0x815 <insert1>
\par    0x000009bc\cf1\highlight2  <\cf0\highlight0 +120>:   add    $0x4,%esp
\par    0x000009bf \cf1\highlight2 <+\cf0\highlight0 123>:   pushl  0x60(%ebx)
\par    0x000009c5 <+129\cf1\highlight2 >:\cf0\highlight0    call   0x868 <insert2>
\par    0x000009ca \cf1\highlight2 <+\cf0\highlight0 134>:   add    $0x4,%esp
\par    0x000009cd \cf1\highlight2 <+\cf0\highlight0 137>:   pushl  0x64(%ebx)
\par    0x000009d3 <+143>:   cal\cf1\highlight2 l \cf0\highlight0   0x868 <insert2>
\par    0x000009d8 <+148>:   add\cf1\highlight2   \cf0\highlight0   $0x10,%esp
\par    0x000009db <+151>:   mov    $0x\cf1\highlight2 1,\cf0\highlight0 %esi
\par ---Type <return> to continue, or q <return>\cf1\highlight2  t\cf0\highlight0 o quit---
\par    0x000009e0 <+156>:   mov    0x48(%\cf1\highlight2 eb\cf0\highlight0 x),%eax
\par    0x000009e6 <+162>:   mov    %eax,-0\cf1\highlight2 x2\cf0\highlight0 30(%ebp)
\par    0x000009ec <+168>:   lea   \cf1\highlight2  -\cf0\highlight0 0x239b(%ebx),%eax
\par    0x000009f2 <+174>:   mov   \cf1\highlight2  %\cf0\highlight0 eax,-0x234(%ebp)
\par    0x000009f8 <+1\cf1\highlight2 80\cf0\highlight0 >:   jmp    0xa36 <main+242>
\par    0x00000\cf1\highlight2 9f\cf0\highlight0 a <+182>:   sub    $0x8,%esp
\par    0x000009fd <+18\cf1\highlight2 5>\cf0\highlight0 :   lea    -0x239d(%ebx),%eax
\par    0x0000\cf1\highlight2 0a\cf0\highlight0 03 <+191>:   push   %eax
\par    0x00000a04 <\cf1\highlight2 +1\cf0\highlight0 92>:   pushl  0x4(%edx)
\par    0x00000a07 <+195>:\cf1\highlight2   \cf0\highlight0  call   0x600 <fopen@plt>
\par    0x00000a0c\cf1\highlight2  <\cf0\highlight0 +200>:   mov    %eax,%edi
\par    0x000\cf1\highlight2 00\cf0\highlight0 a0e <+202>:   add    $0x10,%esp
\par    0x00000\cf1\highlight2 a1\cf0\highlight0 1 <+205>:   jmp    0x984 <main+64>\cf1\highlight2 
\par  \cf0\highlight0   0x00000a16 <+210>:   sub    $0x4,%esp
\par    0x00000a19 \cf1\highlight2 <+\cf0\highlight0 213>:   push   %esi
\par    0x00000a1a <+214>\cf1\highlight2 : \cf0\highlight0   pushl  -0x234(%ebp)
\par    0x00000a20 <+220>:   \cf1\highlight2 pu\cf0\highlight0 sh   $0x1
\par    0x00000a22 <+222>:   call   0\cf1\highlight2 x6\cf0\highlight0 10 <__printf_chk@plt>
\par    0x00000a27 <+2\cf1\highlight2 27\cf0\highlight0 >:   add    $0x10,%esp
\par    0x00000a2a <+230>:  \cf1\highlight2  j\cf0\highlight0 mp    0xa40 <main+252>
\par    0x00000a2c <+232>:   \cf1\highlight2 ca\cf0\highlight0 ll   0x78d <fail>
\par    0x00000a31 <+237>:  \cf1\highlight2  c\cf0\highlight0 mp    $0x5,%esi
\par    0x00000a34 <+240>:   jg    \cf1\highlight2  0\cf0\highlight0 xa92 <main+334>
\par    0x00000a36 <+242>:  \cf1\highlight2  m\cf0\highlight0 ov    -0x230(%ebp),%eax
\par    0x00000\cf1\highlight2 a3\cf0\highlight0 c <+248>:   cmp    %edi,(%eax)
\par    0x\cf1\highlight2 00\cf0\highlight0 000a3e <+250>:   je     0xa16 <main+210>
\par    0x0\cf1\highlight2 00\cf0\highlight0 00a40 <+252>:   sub    $0x4,%esp
\par  \cf1\highlight2   \cf0\highlight0 0x00000a43 <+255>:   push   %edi
\par    0x00000a44 \cf1\highlight2 <+\cf0\highlight0 256>:   push   $0x200
\par    0x00000a49 <+26\cf1\highlight2 1>\cf0\highlight0 :   lea    -0x21c(%ebp),%eax
\par    0x00000\cf1\highlight2 a4\cf0\highlight0 f <+267>:   push   %eax
\par    0x00000a50 <+268>: \cf1\highlight2   \cf0\highlight0 call   0x590 <fgets@plt>
\par    0x00000a55 \cf1\highlight2 <+\cf0\highlight0 273>:   add    $0x10,%esp
\par    0x000\cf1\highlight2 00\cf0\highlight0 a58 <+276>:   test   %eax,%eax
\par    \cf1\highlight2 0x\cf0\highlight0 00000a5a <+278>:   je     0xa31 <main+237>
\par    0\cf1\highlight2 x0\cf0\highlight0 0000a5c <+280>:   sub    $0x4,%esp\cf1\highlight2 
\par  \cf0\highlight0   0x00000a5f <+283>:   push   $0xa
\par    0x00000a61\cf1\highlight2  <\cf0\highlight0 +285>:   push   $0x0
\par    0x00000a63 <+287>:   le\cf1\highlight2 a \cf0\highlight0    -0x21c(%ebp),%eax
\par    0x00000a69 <+293>:   push   %\cf1\highlight2 ea\cf0\highlight0 x
\par    0x00000a6a <+294>:   call   0x620 <s\cf1\highlight2 tr\cf0\highlight0 tol@plt>
\par    0x00000a6f <+299>:   mov    %eax,-0\cf1\highlight2 x2\cf0\highlight0 2c(%ebp)
\par ---Type <return> to continue, \cf1\highlight2 or\cf0\highlight0  q <return> to quit---
\par    0x00000a75 <+3\cf1\highlight2 05\cf0\highlight0 >:   call   0x8dc <pop>
\par    0x00000a7a <\cf1\highlight2 +3\cf0\highlight0 10>:   mov    -0x22c(%ebp),%edx
\par    0x00000a80 \cf1\highlight2 <+\cf0\highlight0 316>:   add    $0x2,%edx
\par    0x00000a83 \cf1\highlight2 <+\cf0\highlight0 319>:   add    $0x10,%esp
\par    0x00000a86\cf1\highlight2  <\cf0\highlight0 +322>:   cmp    %edx,%eax
\par    0x00000a88 <+324>\cf1\highlight2 : \cf0\highlight0   jne    0xa2c <main+232>
\par    0x00000a8a <+326\cf1\highlight2 >:\cf0\highlight0    add    $0x1,%esi
\par    0x00000a8d <+329\cf1\highlight2 >:\cf0\highlight0    cmp    $0x5,%esi
\par    0x00000a90 <+332>:   jl\cf1\highlight2 e \cf0\highlight0    0xa36 <main+242>
\par    0x00000a92 <+334>:  \cf1\highlight2  c\cf0\highlight0 all   0x7d4 <success>
\par    0x00000a97 <+339>:   \cf1\highlight2 mo\cf0\highlight0 v    $0x0,%eax
\par    0x00000a9c <+344>:   mov    \cf1\highlight2 -0\cf0\highlight0 x1c(%ebp),%ecx
\par    0x00000a9f <+347\cf1\highlight2 >:\cf0\highlight0    xor    %gs:0x14,%ecx
\par    0x00000\cf1\highlight2 aa\cf0\highlight0 6 <+354>:   jne    0xab4 <main+368>\cf1\highlight2 
\par \cf0\highlight0    0x00000aa8 <+356>:   lea    -0x1\cf1\highlight2 0(\cf0\highlight0 %ebp),%esp
\par    0x00000aab <+359>:  \cf1\highlight2  p\cf0\highlight0 op    %ecx
\par    0x00000aac <+360>:   pop    %eb\cf1\highlight2 x\cf0\highlight0 
\par    0x00000aad <+361>:   po\cf1\highlight2 p \cf0\highlight0    %esi
\par    0x00000aae <+362>:   pop    %edi
\par    0x00000aaf <\cf1\highlight2 +3\cf0\highlight0 63>:   pop    %ebp
\par   \cf1\highlight2  0\cf0\highlight0 x00000ab0 <+364>:   l\cf1\highlight2 ea\cf0\highlight0     -0x4(%ecx),%esp
\par \cf1\highlight2   \cf0\highlight0  0x00000ab3 <+367>:  \cf1\highlight2  r\cf0\highlight0 et
\par    0x00000ab4 <+3\cf1\highlight2 68\cf0\highlight0 >:   ca\cf1\highlight2 ll\cf0\highlight0    0xb30 <__stack_chk_fail_lo\cf1\highlight2 ca\cf0\highlight0 l>
\par End o\cf1\highlight2 f \cf0\highlight0 assembler dump.
\par (gdb) break *main+268
\par Breakpoint 2 at 0xa50
\par (g\cf1\highlight2 db) \cf0\highlight0 break *main+322
\par Breakpoint 3 at 0x\cf1\highlight2 a8\cf0\highlight0 6
\par (gdb\cf1\highlight2 ) \cf0\highlight0 c
\par The prog\cf1\highlight2 ram \cf0\highlight0 is not being run.
\par (gdb) run
\par Start\cf1\highlight2 in\cf0\highlight0 g progr\cf1\highlight2 am\cf0\highlight0 : /afs/cs.w\cf1\highlight2 is\cf0\highlight0 c.edu/u/y/k/ykim/priv\cf1\highlight2 ate/\cf0\highlight0 cs354/p5/s4
\par 
\par Breakpoint 1, 0x5655\cf1\highlight2 59\cf0\highlight0 44 in main ()
\par (gdb)\cf1\highlight2  c\cf0\highlight0 
\par Continuing.
\par 
\par Breakpoint 2,\cf1\highlight2  0\cf0\highlight0 x56555a50 in main ()
\par (gd\cf1\highlight2 b)\cf0\highlight0  c
\par Continuing.
\par input 1 (of \cf1\highlight2 5)\cf0\highlight0 ? 11111
\par 
\par Breakpoint 3, 0x56555a86 in mai\cf1\highlight2 n \cf0\highlight0 ()
\par (gdb) info registers
\par eax            0\cf1\highlight2 x8\cf0\highlight0 9052  561234
\par ecx            0x0      0
\par e\cf1\highlight2 dx\cf0\highlight0             0x2b69   1111\cf1\highlight2 3\cf0\highlight0 
\par ebx            0x56557fac       144844382\cf1\highlight2 0\cf0\highlight0 
\par esp            0xffffd810       0xffffd810
\par ebp     \cf1\highlight2   \cf0\highlight0      0xffffda48       0xffffda48\cf1\highlight2 
\par e\cf0\highlight0 si            0x1      1
\par \cf1\highlight2 ed\cf0\highlight0 i            0xf7fa75c0   \cf1\highlight2   \cf0\highlight0   -134580800
\par eip         \cf1\highlight2   \cf0\highlight0  0x56555a86       0x56555a\cf1\highlight2 86\cf0\highlight0  <main+322>
\par eflags      \cf1\highlight2   \cf0\highlight0  0x282    [ SF IF ]
\par cs   \cf1\highlight2   \cf0\highlight0         0x23     35
\par ss   \cf1\highlight2   \cf0\highlight0         0x2b     43
\par ds             0x2\cf1\highlight2 b \cf0\highlight0     43
\par es             0\cf1\highlight2 x2\cf0\highlight0 b     43
\par fs             0x0      0
\par gs\cf1\highlight2   \cf0\highlight0            0x63     99\cf1\highlight2 
\par (\cf0\highlight0 gdb) pr\cf1\highlight2 in\cf0\highlight0 t *(int*) (\cf1\highlight2 $eax\cf0\highlight0 )
\par Cannot access memory at address \cf1\highlight2 0x\cf0\highlight0 89052
\par \cf1\highlight2 (g\cf0\highlight0 db) print *\cf1\highlight2 (i\cf0\highlight0 nt*) $eax
\par Cannot acc\cf1\highlight2 ess \cf0\highlight0 memory at address 0x89052
\par (gdb) se\cf1\highlight2 t \cf0\highlight0 $edx = 561234
\par (gdb)\cf1\highlight2  c\cf0\highlight0 
\par Continuing.
\par 
\par Breakpoint 2,\cf1\highlight2  0\cf0\highlight0 x56555a50 in main ()
\par (gd\cf1\highlight2 b)\cf0\highlight0  c
\par Continuing.
\par input 2 (of \cf1\highlight2 5)\cf0\highlight0 ? 11111
\par 
\par Breakpoint 3, 0x56555a86 in mai\cf1\highlight2 n \cf0\highlight0 ()
\par (gdb) info registers
\par eax            0\cf1\highlight2 x6\cf0\highlight0 2caa  404650
\par ecx            0x0      0
\par e\cf1\highlight2 dx\cf0\highlight0             0x2b69   1111\cf1\highlight2 3\cf0\highlight0 
\par ebx            0x56557fac       144844382\cf1\highlight2 0\cf0\highlight0 
\par esp            0xffffd810       0xffffd810
\par ebp     \cf1\highlight2   \cf0\highlight0      0xffffda48       0xffffda48\cf1\highlight2 
\par e\cf0\highlight0 si            0x2      2
\par \cf1\highlight2 ed\cf0\highlight0 i            0xf7fa75c0   \cf1\highlight2   \cf0\highlight0   -134580800
\par eip         \cf1\highlight2   \cf0\highlight0  0x56555a86       0x56555a\cf1\highlight2 86\cf0\highlight0  <main+322>
\par eflags      \cf1\highlight2   \cf0\highlight0  0x282    [ SF IF ]
\par cs   \cf1\highlight2   \cf0\highlight0         0x23     35
\par ss\cf1\highlight2   \cf0\highlight0        \cf1\highlight2   \cf0\highlight0   0x2b     \cf1\highlight2 43
\par \cf0\highlight0 ds             0x2b     43
\par es     \cf1\highlight2   \cf0\highlight0       0\cf1\highlight2 x2\cf0\highlight0 b     43
\par f\cf1\highlight2 s \cf0\highlight0             0x0      \cf1\highlight2 0
\par g\cf0\highlight0 s             0x63     99
\par (gdb) se\cf1\highlight2 t \cf0\highlight0 $edx = 404650
\par (gdb)\cf1\highlight2  c\cf0\highlight0 
\par Continuing.
\par 
\par Breakpoint 2,\cf1\highlight2  0\cf0\highlight0 x56555a50 in main ()
\par (gd\cf1\highlight2 b)\cf0\highlight0  c
\par Continuing.
\par input 3 (of \cf1\highlight2 5)\cf0\highlight0 ? 11111
\par 
\par Breakpoint 3, 0x56555a86 in mai\cf1\highlight2 n \cf0\highlight0 ()
\par (gdb) info registers
\par eax            0\cf1\highlight2 x7\cf0\highlight0 6c14  486420
\par ecx            0x0      0
\par e\cf1\highlight2 dx\cf0\highlight0             0x2b69   1111\cf1\highlight2 3\cf0\highlight0 
\par ebx            0x56557fac       144844382\cf1\highlight2 0\cf0\highlight0 
\par esp            0xffffd810       0xffffd810
\par ebp     \cf1\highlight2   \cf0\highlight0      0xffffda48       0xffffda48\cf1\highlight2 
\par e\cf0\highlight0 si            0x3      3
\par \cf1\highlight2 ed\cf0\highlight0 i            0xf7fa75c0   \cf1\highlight2   \cf0\highlight0   -134580800
\par eip         \cf1\highlight2   \cf0\highlight0  0x56555a86       0x56555a\cf1\highlight2 86\cf0\highlight0  <main+322>
\par eflags      \cf1\highlight2   \cf0\highlight0  0x282    [ SF IF ]
\par cs   \cf1\highlight2   \cf0\highlight0         0x23     35
\par ss\cf1\highlight2   \cf0\highlight0        \cf1\highlight2   \cf0\highlight0   0x2b     \cf1\highlight2 43
\par \cf0\highlight0 ds             0x2b     43
\par es     \cf1\highlight2   \cf0\highlight0       0\cf1\highlight2 x2\cf0\highlight0 b     43
\par f\cf1\highlight2 s \cf0\highlight0             0x0      \cf1\highlight2 0
\par g\cf0\highlight0 s             0x63     99
\par (gdb) se\cf1\highlight2 t \cf0\highlight0 $edx = 486420
\par (gdb)\cf1\highlight2  c\cf0\highlight0 
\par Continuing.
\par 
\par Breakpoint 2,\cf1\highlight2  0\cf0\highlight0 x56555a50 in main ()
\par (gd\cf1\highlight2 b)\cf0\highlight0  c
\par Continuing.
\par input 4 (of \cf1\highlight2 5)\cf0\highlight0 ? 11111
\par 
\par Breakpoint 3, 0x56555a86 in mai\cf1\highlight2 n \cf0\highlight0 ()
\par (gdb) info registers
\par eax            0\cf1\highlight2 x8\cf0\highlight0 cce3  576739
\par ecx            0x0      0
\par e\cf1\highlight2 dx\cf0\highlight0             0x2b69   1111\cf1\highlight2 3\cf0\highlight0 
\par ebx            0x56557fac       144844382\cf1\highlight2 0\cf0\highlight0 
\par esp            0xffffd810       0xffffd810
\par ebp     \cf1\highlight2   \cf0\highlight0      0xffffda48       0xffffda48\cf1\highlight2 
\par e\cf0\highlight0 si            0x4      4
\par \cf1\highlight2 ed\cf0\highlight0 i            0xf7fa75c0   \cf1\highlight2   \cf0\highlight0   -134580800
\par eip         \cf1\highlight2   \cf0\highlight0  0x56555a86       0x56555a\cf1\highlight2 86\cf0\highlight0  <main+322>
\par eflags      \cf1\highlight2   \cf0\highlight0  0x282    [ SF IF ]
\par cs   \cf1\highlight2   \cf0\highlight0         0x23     35
\par ss\cf1\highlight2   \cf0\highlight0        \cf1\highlight2   \cf0\highlight0   0x2b     \cf1\highlight2 43
\par \cf0\highlight0 ds             0x2b     43
\par es     \cf1\highlight2   \cf0\highlight0       0\cf1\highlight2 x2\cf0\highlight0 b     43
\par f\cf1\highlight2 s \cf0\highlight0             0x0      \cf1\highlight2 0
\par g\cf0\highlight0 s             0x63     99
\par (gdb) se\cf1\highlight2 t \cf0\highlight0 $edx = 576739
\par (gdb)\cf1\highlight2  c\cf0\highlight0 
\par Continuing.
\par 
\par Breakpoint 2,\cf1\highlight2  0\cf0\highlight0 x56555a50 in main ()
\par (gd\cf1\highlight2 b)\cf0\highlight0  c
\par Continuing.
\par input 5 (of \cf1\highlight2 5)\cf0\highlight0 ? 11111
\par 
\par Breakpoint 3, 0x56555a86 in mai\cf1\highlight2 n \cf0\highlight0 ()
\par (gdb) info registers
\par eax            0\cf1\highlight2 xc\cf0\highlight0 21e7  795111
\par ecx            0x0      0
\par e\cf1\highlight2 dx\cf0\highlight0             0x2b69   1111\cf1\highlight2 3\cf0\highlight0 
\par ebx            0x56557fac       144844382\cf1\highlight2 0\cf0\highlight0 
\par esp            0xffffd810       0xffffd810
\par ebp     \cf1\highlight2   \cf0\highlight0      0xffffda48       0xffffda48\cf1\highlight2 
\par e\cf0\highlight0 si            0x5      5
\par \cf1\highlight2 ed\cf0\highlight0 i            0xf7fa75c0   \cf1\highlight2   \cf0\highlight0   -134580800
\par eip         \cf1\highlight2   \cf0\highlight0  0x56555a86       0x56555a\cf1\highlight2 86\cf0\highlight0  <main+322>
\par eflags      \cf1\highlight2   \cf0\highlight0  0x282    [ SF IF ]
\par cs   \cf1\highlight2   \cf0\highlight0         0x23     35
\par ss\cf1\highlight2   \cf0\highlight0        \cf1\highlight2   \cf0\highlight0   0x2b     \cf1\highlight2 43
\par d\cf0\highlight0 s             0x2b     43
\par es      \cf1\highlight2   \cf0\highlight0      0x2b     43
\par fs             0x\cf1\highlight2 0 \cf0\highlight0      0
\par gs             0x63     99\cf1\highlight2 
\par (\cf0\highlight0 gdb) set $edx = 795111
\par (gdb) c
\par Continuing\cf1\highlight2 .\cf0\highlight0 
\par c
\par !!!\cf1\highlight2 !!\cf0\highlight0 !!!!!!!!!!!!!!!!!!!!!!!!!!!!!\cf1\highlight2 !\cf0\highlight0 
\par !!!!!!!!!\cf1\highlight2 !!\cf0\highlight0  SAFE OPENED !!!!!!!!!!!\cf1\highlight2 
\par \cf0\highlight0 !!!!!!!!!!!!!!!!!!!!!!\cf1\highlight2 !!\cf0\highlight0 !!!!!!!!!!!
\par [Inferior\cf1\highlight2  1\cf0\highlight0  (process 9105) exited\cf1\highlight2  n\cf0\highlight0 ormally]
\par (gdb) c
\par The\cf1\highlight2  p\cf0\highlight0 rogram is not being ru\cf1\highlight2 n.\cf0\highlight0 
\par (gdb) quit
\par [ykim@royal-01] (30)$\cf1\highlight2  s\cf0\highlight0 4
\par input 1 (of 5)? 561232
\par input 2 \cf1\highlight2 (o\cf0\highlight0 f 5)? 404648
\par input 3 (of 5)? 48641\cf1\highlight2 8\cf0\highlight0 
\par input 4 (of 5)? 576737
\par input 5 (of \cf1\highlight2 5)\cf0\highlight0 ? 795109
\par !!!!!!!!!!!!!!\cf1\highlight2 !!\cf3\highlight0 !!\cf0 !!!!!!!!!!!!!!!!\cf3 !\cf0 
\par !!!!!!!!!!! SAF\cf3 E \cf0 OPENED !!!!!!!!!\cf3 !!\cf0 
\par !!!!!!!!!!!!\cf1\highlight2 !!\cf0\highlight0 !!!!!!!!!!!!!!!!!!!!!\cf1\highlight2 
\par [ykim@royal-01] (31)$ vim\highlight0  \ul s\cf0 4\ulnone\b .\ul\b0 s\ulnone o\ul lu\ulnone tion
\par [yki\ul m\ulnone @\cf1\ul r\cf0 o\ulnone y\ul a\ulnone l\cf1 -0\ul 1\ulnone ] (32\ul )\ulnone $ ls\ul 
\par \ulnone s1*  s1\ul .\ulnone solut\ul i\ulnone on\cf0\ul   \ulnone s\ul 2\ulnone * \ul  s\ulnone 2\ul .\ulnone so\ul lu\ulnone t\cf1\ul i\cf0\ulnone o\ul n\ulnone   s\ul 3\ulnone *\ul  \ulnone  \highlight2 s\highlight0 3.s\ul o\ulnone lution  \ul s\ulnone 4* \cf1  s4.\ul s\ulnone ol\cf0\ul ut\ulnone i\ul o\ulnone n\ul 
\par \ulnone [yki\cf1 m@ro\highlight2\ul y\cf0\highlight0 a\ulnone l\ul -\ulnone 0\ul 1] (3\ulnone\b 3\ul\b0 )$\ulnone 
\par \pard\f1\fs16 
\par }
 